OpenROAD 41a51eaf4ca2171c92ff38afb91eb37bbd3f36da 
This program is licensed under the BSD-3 license. See the LICENSE file for details.
Components of this program may be licensed under more restrictive licenses which must be honored.
[INFO]: Reading ODB at '/openlane/designs/uart_tx/runs/RUN_2025.12.11_20.26.15/results/floorplan/uart_tx.odb'…
define_corners Typical
read_liberty -corner Typical /home/sjh/.ciel/sky130A/libs.ref/sky130_fd_sc_hd/lib/sky130_fd_sc_hd__tt_025C_1v80.lib
Using 1e-12 for capacitance...
Using 1e+03 for resistance...
Using 1e-09 for time...
Using 1e+00 for voltage...
Using 1e-03 for current...
Using 1e-09 for power...
Using 1e-06 for distance...
Reading design constraints file at '/openlane/designs/uart_tx/runs/RUN_2025.12.11_20.26.15/tmp/floorplan/3-initial_fp.sdc'…
[INFO]: Setting RC values...
[INFO]: Setting signal min routing layer to: met1 and clock min routing layer to met3. 
[INFO]: Setting signal max routing layer to: met5 and clock max routing layer to met5. 
[INFO GPL-0002] DBU: 1000
[INFO GPL-0003] SiteSize: 460 2720
[INFO GPL-0004] CoreAreaLxLy: 5520 10880
[INFO GPL-0005] CoreAreaUxUy: 194120 187680
[INFO GPL-0006] NumInstances: 744
[INFO GPL-0007] NumPlaceInstances: 145
[INFO GPL-0008] NumFixedInstances: 599
[INFO GPL-0009] NumDummyInstances: 0
[INFO GPL-0010] NumNets: 156
[INFO GPL-0011] NumPins: 550
[INFO GPL-0012] DieAreaLxLy: 0 0
[INFO GPL-0013] DieAreaUxUy: 200000 200000
[INFO GPL-0014] CoreAreaLxLy: 5520 10880
[INFO GPL-0015] CoreAreaUxUy: 194120 187680
[INFO GPL-0016] CoreArea: 33344480000
[INFO GPL-0017] NonPlaceInstsArea: 1074780800
[INFO GPL-0018] PlaceInstsArea: 1838012800
[INFO GPL-0019] Util(%): 5.70
[INFO GPL-0020] StdInstsArea: 1838012800
[INFO GPL-0021] MacroInstsArea: 0
[InitialPlace]  Iter: 1 CG residual: 0.00000006 HPWL: 3957040
[InitialPlace]  Iter: 2 CG residual: 0.00000009 HPWL: 3469799
[InitialPlace]  Iter: 3 CG residual: 0.00000008 HPWL: 3472612
[InitialPlace]  Iter: 4 CG residual: 0.00000010 HPWL: 3482457
[InitialPlace]  Iter: 5 CG residual: 0.00000008 HPWL: 3479270
[INFO GPL-0031] FillerInit: NumGCells: 1960
[INFO GPL-0032] FillerInit: NumGNets: 156
[INFO GPL-0033] FillerInit: NumGPins: 550
[INFO GPL-0023] TargetDensity: 0.75
[INFO GPL-0024] AveragePlaceInstArea: 12675950
[INFO GPL-0025] IdealBinArea: 16901266
[INFO GPL-0026] IdealBinCnt: 1972
[INFO GPL-0027] TotalBinArea: 33344480000
[INFO GPL-0028] BinCnt: 32 32
[INFO GPL-0029] BinSize: 5894 5525
[INFO GPL-0030] NumBins: 1024
[NesterovSolve] Iter: 1 overflow: 0.791226 HPWL: 2798039
[INFO GPL-0100] worst slack 1.46e-08
[INFO GPL-0103] Weighted 15 nets.
[INFO GPL-0100] worst slack 1.46e-08
[INFO GPL-0103] Weighted 13 nets.
[NesterovSolve] Iter: 10 overflow: 0.631945 HPWL: 3022702
[NesterovSolve] Iter: 20 overflow: 0.631689 HPWL: 3023563
[NesterovSolve] Iter: 30 overflow: 0.631051 HPWL: 2994325
[NesterovSolve] Iter: 40 overflow: 0.628595 HPWL: 2997319
[NesterovSolve] Iter: 50 overflow: 0.620203 HPWL: 2973619
[NesterovSolve] Iter: 60 overflow: 0.628353 HPWL: 2978251
[NesterovSolve] Iter: 70 overflow: 0.622026 HPWL: 2977836
[NesterovSolve] Iter: 80 overflow: 0.6251 HPWL: 2984606
[NesterovSolve] Iter: 90 overflow: 0.626413 HPWL: 2975462
[NesterovSolve] Iter: 100 overflow: 0.624487 HPWL: 2978986
[NesterovSolve] Iter: 110 overflow: 0.625686 HPWL: 2979400
[NesterovSolve] Iter: 120 overflow: 0.625015 HPWL: 2977766
[NesterovSolve] Iter: 130 overflow: 0.623904 HPWL: 2979050
[NesterovSolve] Iter: 140 overflow: 0.623087 HPWL: 2978494
[NesterovSolve] Iter: 150 overflow: 0.622785 HPWL: 2981388
[NesterovSolve] Iter: 160 overflow: 0.622127 HPWL: 2982537
[NesterovSolve] Iter: 170 overflow: 0.621598 HPWL: 2990492
[NesterovSolve] Iter: 180 overflow: 0.621307 HPWL: 2993373
[NesterovSolve] Iter: 190 overflow: 0.619416 HPWL: 2989602
[NesterovSolve] Iter: 200 overflow: 0.610044 HPWL: 2984865
[NesterovSolve] Snapshot saved at iter = 205
[NesterovSolve] Iter: 210 overflow: 0.593444 HPWL: 2952570
[NesterovSolve] Iter: 220 overflow: 0.571099 HPWL: 2924096
[NesterovSolve] Iter: 230 overflow: 0.561637 HPWL: 2938373
[NesterovSolve] Iter: 240 overflow: 0.54624 HPWL: 2906193
[NesterovSolve] Iter: 250 overflow: 0.511294 HPWL: 2845417
[INFO GPL-0100] worst slack 1.46e-08
[INFO GPL-0103] Weighted 15 nets.
[NesterovSolve] Iter: 260 overflow: 0.452615 HPWL: 2898836
[NesterovSolve] Iter: 270 overflow: 0.408966 HPWL: 2935224
[NesterovSolve] Iter: 280 overflow: 0.390634 HPWL: 2943304
[NesterovSolve] Iter: 290 overflow: 0.354166 HPWL: 2969520
[NesterovSolve] Iter: 300 overflow: 0.314832 HPWL: 3002415
[INFO GPL-0100] worst slack 1.46e-08
[INFO GPL-0103] Weighted 15 nets.
[NesterovSolve] Iter: 310 overflow: 0.27714 HPWL: 3042443
[NesterovSolve] Iter: 320 overflow: 0.252177 HPWL: 3078831
[NesterovSolve] Iter: 330 overflow: 0.225616 HPWL: 3103915
[INFO GPL-0100] worst slack 1.46e-08
[INFO GPL-0103] Weighted 15 nets.
[NesterovSolve] Iter: 340 overflow: 0.199593 HPWL: 3124572
[INFO GPL-0075] Routability numCall: 1 inflationIterCnt: 1 bloatIterCnt: 0
[INFO GPL-0036] TileLxLy: 0 0
[INFO GPL-0037] TileSize: 6900 6900
[INFO GPL-0038] TileCnt: 28 28
[INFO GPL-0039] numRoutingLayers: 6
[INFO GPL-0040] NumTiles: 784
[INFO GPL-0063] TotalRouteOverflowH2: 0.0
[INFO GPL-0064] TotalRouteOverflowV2: 0.0
[INFO GPL-0065] OverflowTileCnt2: 0
[INFO GPL-0066] 0.5%RC: 0.9181818040934476
[INFO GPL-0067] 1.0%RC: 0.861363635821776
[INFO GPL-0068] 2.0%RC: 0.7651162812876147
[INFO GPL-0069] 5.0%RC: 0.6434579536179516
[INFO GPL-0070] 0.5rcK: 1.0
[INFO GPL-0071] 1.0rcK: 1.0
[INFO GPL-0072] 2.0rcK: 0.0
[INFO GPL-0073] 5.0rcK: 0.0
[INFO GPL-0074] FinalRC: 0.8897727
[NesterovSolve] Iter: 350 overflow: 0.159612 HPWL: 3142292
[INFO GPL-0100] worst slack 1.46e-08
[INFO GPL-0103] Weighted 15 nets.
[NesterovSolve] Iter: 360 overflow: 0.138037 HPWL: 3160886
[NesterovSolve] Iter: 370 overflow: 0.107375 HPWL: 3183263
[NesterovSolve] Finished with Overflow: 0.097460
Setting global connections for newly added cells…
Writing OpenROAD database to '/openlane/designs/uart_tx/runs/RUN_2025.12.11_20.26.15/tmp/placement/7-global.odb'…
Writing netlist to '/openlane/designs/uart_tx/runs/RUN_2025.12.11_20.26.15/tmp/placement/7-global.nl.v'…
Writing powered netlist to '/openlane/designs/uart_tx/runs/RUN_2025.12.11_20.26.15/tmp/placement/7-global.pnl.v'…
Writing layout to '/openlane/designs/uart_tx/runs/RUN_2025.12.11_20.26.15/tmp/placement/7-global.def'…
