
===========================================================================
report_checks -unconstrained
===========================================================================
======================= Fastest Corner ===================================

Startpoint: rst_n (input port clocked by clk)
Endpoint: _246_ (recovery check against rising-edge clock clk)
Path Group: asynchronous
Path Type: max
Corner: Fastest

Fanout     Cap    Slew   Delay    Time   Description
-----------------------------------------------------------------------------
                          0.00    0.00   clock clk (rise edge)
                          0.00    0.00   clock network delay (propagated)
                          4.00    4.00 ^ input external delay
                  0.02    0.01    4.01 ^ rst_n (in)
     1    0.00                           rst_n (net)
                  0.02    0.00    4.01 ^ input9/A (sky130_fd_sc_hd__clkbuf_2)
                  0.12    0.13    4.14 ^ input9/X (sky130_fd_sc_hd__clkbuf_2)
     3    0.03                           net9 (net)
                  0.12    0.00    4.14 ^ fanout14/A (sky130_fd_sc_hd__clkbuf_4)
                  0.10    0.17    4.31 ^ fanout14/X (sky130_fd_sc_hd__clkbuf_4)
     9    0.04                           net14 (net)
                  0.10    0.00    4.32 ^ fanout13/A (sky130_fd_sc_hd__clkbuf_4)
                  0.12    0.18    4.49 ^ fanout13/X (sky130_fd_sc_hd__clkbuf_4)
    10    0.05                           net13 (net)
                  0.12    0.00    4.49 ^ _246_/RESET_B (sky130_fd_sc_hd__dfrtp_4)
                                  4.49   data arrival time

                         20.00   20.00   clock clk (rise edge)
                          0.00   20.00   clock source latency
                  0.09    0.06   20.06 ^ clk (in)
     1    0.02                           clk (net)
                  0.09    0.00   20.06 ^ clkbuf_0_clk/A (sky130_fd_sc_hd__clkbuf_16)
                  0.05    0.11   20.16 ^ clkbuf_0_clk/X (sky130_fd_sc_hd__clkbuf_16)
     4    0.04                           clknet_0_clk (net)
                  0.05    0.00   20.16 ^ clkbuf_2_1__f_clk/A (sky130_fd_sc_hd__clkbuf_16)
                  0.04    0.09   20.26 ^ clkbuf_2_1__f_clk/X (sky130_fd_sc_hd__clkbuf_16)
    11    0.03                           clknet_2_1__leaf_clk (net)
                  0.04    0.00   20.26 ^ _246_/CLK (sky130_fd_sc_hd__dfrtp_4)
                         -0.25   20.01   clock uncertainty
                          0.00   20.01   clock reconvergence pessimism
                          0.11   20.11   library recovery time
                                 20.11   data required time
-----------------------------------------------------------------------------
                                 20.11   data required time
                                 -4.49   data arrival time
-----------------------------------------------------------------------------
                                 15.62   slack (MET)


Startpoint: _225_ (rising edge-triggered flip-flop clocked by clk)
Endpoint: tx_out (output port clocked by clk)
Path Group: clk
Path Type: max
Corner: Fastest

Fanout     Cap    Slew   Delay    Time   Description
-----------------------------------------------------------------------------
                          0.00    0.00   clock clk (rise edge)
                          0.00    0.00   clock source latency
                  0.09    0.06    0.06 ^ clk (in)
     1    0.02                           clk (net)
                  0.09    0.00    0.06 ^ clkbuf_0_clk/A (sky130_fd_sc_hd__clkbuf_16)
                  0.05    0.12    0.18 ^ clkbuf_0_clk/X (sky130_fd_sc_hd__clkbuf_16)
     4    0.04                           clknet_0_clk (net)
                  0.05    0.00    0.18 ^ clkbuf_2_3__f_clk/A (sky130_fd_sc_hd__clkbuf_16)
                  0.03    0.09    0.27 ^ clkbuf_2_3__f_clk/X (sky130_fd_sc_hd__clkbuf_16)
     5    0.02                           clknet_2_3__leaf_clk (net)
                  0.03    0.00    0.27 ^ _225_/CLK (sky130_fd_sc_hd__dfstp_1)
                  0.20    0.44    0.71 ^ _225_/Q (sky130_fd_sc_hd__dfstp_1)
     2    0.03                           net12 (net)
                  0.21    0.00    0.72 ^ output12/A (sky130_fd_sc_hd__clkbuf_4)
                  0.09    0.17    0.89 ^ output12/X (sky130_fd_sc_hd__clkbuf_4)
     1    0.03                           tx_out (net)
                  0.09    0.00    0.89 ^ tx_out (out)
                                  0.89   data arrival time

                         20.00   20.00   clock clk (rise edge)
                          0.00   20.00   clock network delay (propagated)
                         -0.25   19.75   clock uncertainty
                          0.00   19.75   clock reconvergence pessimism
                         -4.00   15.75   output external delay
                                 15.75   data required time
-----------------------------------------------------------------------------
                                 15.75   data required time
                                 -0.89   data arrival time
-----------------------------------------------------------------------------
                                 14.86   slack (MET)



======================= Slowest Corner ===================================

Startpoint: rst_n (input port clocked by clk)
Endpoint: _246_ (recovery check against rising-edge clock clk)
Path Group: asynchronous
Path Type: max
Corner: Slowest

Fanout     Cap    Slew   Delay    Time   Description
-----------------------------------------------------------------------------
                          0.00    0.00   clock clk (rise edge)
                          0.00    0.00   clock network delay (propagated)
                          4.00    4.00 ^ input external delay
                  0.03    0.02    4.02 ^ rst_n (in)
     1    0.00                           rst_n (net)
                  0.03    0.00    4.02 ^ input9/A (sky130_fd_sc_hd__clkbuf_2)
                  0.24    0.31    4.33 ^ input9/X (sky130_fd_sc_hd__clkbuf_2)
     3    0.03                           net9 (net)
                  0.24    0.00    4.34 ^ fanout14/A (sky130_fd_sc_hd__clkbuf_4)
                  0.21    0.45    4.79 ^ fanout14/X (sky130_fd_sc_hd__clkbuf_4)
     9    0.04                           net14 (net)
                  0.21    0.00    4.79 ^ fanout13/A (sky130_fd_sc_hd__clkbuf_4)
                  0.23    0.45    5.24 ^ fanout13/X (sky130_fd_sc_hd__clkbuf_4)
    10    0.05                           net13 (net)
                  0.23    0.00    5.24 ^ _246_/RESET_B (sky130_fd_sc_hd__dfrtp_4)
                                  5.24   data arrival time

                         20.00   20.00   clock clk (rise edge)
                          0.00   20.00   clock source latency
                  0.18    0.12   20.12 ^ clk (in)
     1    0.02                           clk (net)
                  0.18    0.00   20.12 ^ clkbuf_0_clk/A (sky130_fd_sc_hd__clkbuf_16)
                  0.09    0.28   20.40 ^ clkbuf_0_clk/X (sky130_fd_sc_hd__clkbuf_16)
     4    0.04                           clknet_0_clk (net)
                  0.09    0.00   20.40 ^ clkbuf_2_1__f_clk/A (sky130_fd_sc_hd__clkbuf_16)
                  0.08    0.24   20.64 ^ clkbuf_2_1__f_clk/X (sky130_fd_sc_hd__clkbuf_16)
    11    0.03                           clknet_2_1__leaf_clk (net)
                  0.08    0.00   20.64 ^ _246_/CLK (sky130_fd_sc_hd__dfrtp_4)
                         -0.25   20.39   clock uncertainty
                          0.00   20.39   clock reconvergence pessimism
                          0.37   20.76   library recovery time
                                 20.76   data required time
-----------------------------------------------------------------------------
                                 20.76   data required time
                                 -5.24   data arrival time
-----------------------------------------------------------------------------
                                 15.52   slack (MET)


Startpoint: _225_ (rising edge-triggered flip-flop clocked by clk)
Endpoint: tx_out (output port clocked by clk)
Path Group: clk
Path Type: max
Corner: Slowest

Fanout     Cap    Slew   Delay    Time   Description
-----------------------------------------------------------------------------
                          0.00    0.00   clock clk (rise edge)
                          0.00    0.00   clock source latency
                  0.18    0.13    0.13 ^ clk (in)
     1    0.02                           clk (net)
                  0.18    0.00    0.13 ^ clkbuf_0_clk/A (sky130_fd_sc_hd__clkbuf_16)
                  0.09    0.31    0.44 ^ clkbuf_0_clk/X (sky130_fd_sc_hd__clkbuf_16)
     4    0.04                           clknet_0_clk (net)
                  0.09    0.00    0.44 ^ clkbuf_2_3__f_clk/A (sky130_fd_sc_hd__clkbuf_16)
                  0.06    0.24    0.68 ^ clkbuf_2_3__f_clk/X (sky130_fd_sc_hd__clkbuf_16)
     5    0.02                           clknet_2_3__leaf_clk (net)
                  0.06    0.00    0.68 ^ _225_/CLK (sky130_fd_sc_hd__dfstp_1)
                  0.43    1.39    2.08 ^ _225_/Q (sky130_fd_sc_hd__dfstp_1)
     2    0.03                           net12 (net)
                  0.43    0.00    2.08 ^ output12/A (sky130_fd_sc_hd__clkbuf_4)
                  0.18    0.51    2.59 ^ output12/X (sky130_fd_sc_hd__clkbuf_4)
     1    0.03                           tx_out (net)
                  0.18    0.00    2.59 ^ tx_out (out)
                                  2.59   data arrival time

                         20.00   20.00   clock clk (rise edge)
                          0.00   20.00   clock network delay (propagated)
                         -0.25   19.75   clock uncertainty
                          0.00   19.75   clock reconvergence pessimism
                         -4.00   15.75   output external delay
                                 15.75   data required time
-----------------------------------------------------------------------------
                                 15.75   data required time
                                 -2.59   data arrival time
-----------------------------------------------------------------------------
                                 13.16   slack (MET)



======================= Typical Corner ===================================

Startpoint: rst_n (input port clocked by clk)
Endpoint: _246_ (recovery check against rising-edge clock clk)
Path Group: asynchronous
Path Type: max
Corner: Typical

Fanout     Cap    Slew   Delay    Time   Description
-----------------------------------------------------------------------------
                          0.00    0.00   clock clk (rise edge)
                          0.00    0.00   clock network delay (propagated)
                          4.00    4.00 ^ input external delay
                  0.02    0.01    4.01 ^ rst_n (in)
     1    0.00                           rst_n (net)
                  0.02    0.00    4.01 ^ input9/A (sky130_fd_sc_hd__clkbuf_2)
                  0.16    0.18    4.19 ^ input9/X (sky130_fd_sc_hd__clkbuf_2)
     3    0.03                           net9 (net)
                  0.16    0.00    4.20 ^ fanout14/A (sky130_fd_sc_hd__clkbuf_4)
                  0.14    0.26    4.45 ^ fanout14/X (sky130_fd_sc_hd__clkbuf_4)
     9    0.04                           net14 (net)
                  0.14    0.00    4.46 ^ fanout13/A (sky130_fd_sc_hd__clkbuf_4)
                  0.15    0.26    4.72 ^ fanout13/X (sky130_fd_sc_hd__clkbuf_4)
    10    0.05                           net13 (net)
                  0.15    0.00    4.72 ^ _246_/RESET_B (sky130_fd_sc_hd__dfrtp_4)
                                  4.72   data arrival time

                         20.00   20.00   clock clk (rise edge)
                          0.00   20.00   clock source latency
                  0.11    0.07   20.07 ^ clk (in)
     1    0.02                           clk (net)
                  0.11    0.00   20.07 ^ clkbuf_0_clk/A (sky130_fd_sc_hd__clkbuf_16)
                  0.06    0.16   20.23 ^ clkbuf_0_clk/X (sky130_fd_sc_hd__clkbuf_16)
     4    0.04                           clknet_0_clk (net)
                  0.06    0.00   20.23 ^ clkbuf_2_1__f_clk/A (sky130_fd_sc_hd__clkbuf_16)
                  0.05    0.14   20.37 ^ clkbuf_2_1__f_clk/X (sky130_fd_sc_hd__clkbuf_16)
    11    0.03                           clknet_2_1__leaf_clk (net)
                  0.05    0.00   20.37 ^ _246_/CLK (sky130_fd_sc_hd__dfrtp_4)
                         -0.25   20.12   clock uncertainty
                          0.00   20.12   clock reconvergence pessimism
                          0.18   20.31   library recovery time
                                 20.31   data required time
-----------------------------------------------------------------------------
                                 20.31   data required time
                                 -4.72   data arrival time
-----------------------------------------------------------------------------
                                 15.59   slack (MET)


Startpoint: _225_ (rising edge-triggered flip-flop clocked by clk)
Endpoint: tx_out (output port clocked by clk)
Path Group: clk
Path Type: max
Corner: Typical

Fanout     Cap    Slew   Delay    Time   Description
-----------------------------------------------------------------------------
                          0.00    0.00   clock clk (rise edge)
                          0.00    0.00   clock source latency
                  0.11    0.08    0.08 ^ clk (in)
     1    0.02                           clk (net)
                  0.11    0.00    0.08 ^ clkbuf_0_clk/A (sky130_fd_sc_hd__clkbuf_16)
                  0.06    0.17    0.26 ^ clkbuf_0_clk/X (sky130_fd_sc_hd__clkbuf_16)
     4    0.04                           clknet_0_clk (net)
                  0.06    0.00    0.26 ^ clkbuf_2_3__f_clk/A (sky130_fd_sc_hd__clkbuf_16)
                  0.04    0.13    0.39 ^ clkbuf_2_3__f_clk/X (sky130_fd_sc_hd__clkbuf_16)
     5    0.02                           clknet_2_3__leaf_clk (net)
                  0.04    0.00    0.39 ^ _225_/CLK (sky130_fd_sc_hd__dfstp_1)
                  0.27    0.69    1.08 ^ _225_/Q (sky130_fd_sc_hd__dfstp_1)
     2    0.03                           net12 (net)
                  0.27    0.00    1.09 ^ output12/A (sky130_fd_sc_hd__clkbuf_4)
                  0.11    0.28    1.36 ^ output12/X (sky130_fd_sc_hd__clkbuf_4)
     1    0.03                           tx_out (net)
                  0.11    0.00    1.36 ^ tx_out (out)
                                  1.36   data arrival time

                         20.00   20.00   clock clk (rise edge)
                          0.00   20.00   clock network delay (propagated)
                         -0.25   19.75   clock uncertainty
                          0.00   19.75   clock reconvergence pessimism
                         -4.00   15.75   output external delay
                                 15.75   data required time
-----------------------------------------------------------------------------
                                 15.75   data required time
                                 -1.36   data arrival time
-----------------------------------------------------------------------------
                                 14.39   slack (MET)




===========================================================================
report_checks --slack_max -0.01
============================================================================
======================= Fastest Corner ===================================

No paths found.

======================= Slowest Corner ===================================

No paths found.

======================= Typical Corner ===================================

No paths found.


===========================================================================
 report_check_types -max_slew -max_cap -max_fanout -violators
============================================================================
======================= Fastest Corner ===================================

max fanout

Pin                                   Limit Fanout  Slack
---------------------------------------------------------
clkbuf_2_1__f_clk/X                      10     11        (VIOLATED)


======================= Slowest Corner ===================================

max fanout

Pin                                   Limit Fanout  Slack
---------------------------------------------------------
clkbuf_2_1__f_clk/X                      10     11        (VIOLATED)


======================= Typical Corner ===================================

max fanout

Pin                                   Limit Fanout  Slack
---------------------------------------------------------
clkbuf_2_1__f_clk/X                      10     11        (VIOLATED)



===========================================================================
report_parasitic_annotation -report_unannotated
============================================================================
Found 0 unannotated drivers.
Found 0 partially unannotated drivers.

===========================================================================
max slew violation count 0
max fanout violation count 1
max cap violation count 0
============================================================================

===========================================================================
check_setup -verbose -unconstrained_endpoints -multiple_clock -no_clock -no_input_delay -loops -generated_clocks
===========================================================================
