
===========================================================================
 report_power
============================================================================
======================= Fastest Corner ===================================

Group                  Internal  Switching    Leakage      Total
                          Power      Power      Power      Power (Watts)
----------------------------------------------------------------
Sequential             1.01e-04   2.41e-05   1.59e-07   1.25e-04  34.5%
Combinational          1.39e-04   9.87e-05   3.52e-09   2.37e-04  65.5%
Macro                  0.00e+00   0.00e+00   0.00e+00   0.00e+00   0.0%
Pad                    0.00e+00   0.00e+00   0.00e+00   0.00e+00   0.0%
----------------------------------------------------------------
Total                  2.39e-04   1.23e-04   1.62e-07   3.62e-04 100.0%
                          66.1%      33.9%       0.0%

======================= Slowest Corner ===================================

Group                  Internal  Switching    Leakage      Total
                          Power      Power      Power      Power (Watts)
----------------------------------------------------------------
Sequential             6.79e-05   1.57e-05   6.34e-07   8.42e-05  33.9%
Combinational          9.94e-05   6.39e-05   8.58e-07   1.64e-04  66.1%
Macro                  0.00e+00   0.00e+00   0.00e+00   0.00e+00   0.0%
Pad                    0.00e+00   0.00e+00   0.00e+00   0.00e+00   0.0%
----------------------------------------------------------------
Total                  1.67e-04   7.95e-05   1.49e-06   2.48e-04 100.0%
                          67.4%      32.0%       0.6%

======================= Typical Corner ===================================

Group                  Internal  Switching    Leakage      Total
                          Power      Power      Power      Power (Watts)
----------------------------------------------------------------
Sequential             8.73e-05   2.01e-05   1.59e-07   1.08e-04  34.4%
Combinational          1.23e-04   8.26e-05   2.53e-09   2.05e-04  65.6%
Macro                  0.00e+00   0.00e+00   0.00e+00   0.00e+00   0.0%
Pad                    0.00e+00   0.00e+00   0.00e+00   0.00e+00   0.0%
----------------------------------------------------------------
Total                  2.10e-04   1.03e-04   1.61e-07   3.13e-04 100.0%
                          67.1%      32.8%       0.1%

