
===========================================================================
report_checks -unconstrained
===========================================================================
======================= Fastest Corner ===================================

Startpoint: rst_n (input port clocked by clk)
Endpoint: _246_ (recovery check against rising-edge clock clk)
Path Group: asynchronous
Path Type: max
Corner: Fastest

Fanout     Cap    Slew   Delay    Time   Description
-----------------------------------------------------------------------------
                          0.00    0.00   clock clk (rise edge)
                          0.00    0.00   clock network delay (propagated)
                          4.00    4.00 ^ input external delay
                  0.02    0.01    4.01 ^ rst_n (in)
     1    0.00                           rst_n (net)
                  0.02    0.00    4.01 ^ input9/A (sky130_fd_sc_hd__clkbuf_2)
                  0.11    0.12    4.13 ^ input9/X (sky130_fd_sc_hd__clkbuf_2)
     3    0.02                           net9 (net)
                  0.11    0.00    4.13 ^ fanout14/A (sky130_fd_sc_hd__clkbuf_4)
                  0.10    0.17    4.30 ^ fanout14/X (sky130_fd_sc_hd__clkbuf_4)
     9    0.04                           net14 (net)
                  0.10    0.00    4.30 ^ fanout13/A (sky130_fd_sc_hd__clkbuf_4)
                  0.11    0.17    4.47 ^ fanout13/X (sky130_fd_sc_hd__clkbuf_4)
    10    0.05                           net13 (net)
                  0.11    0.00    4.47 ^ _246_/RESET_B (sky130_fd_sc_hd__dfrtp_4)
                                  4.47   data arrival time

                         20.00   20.00   clock clk (rise edge)
                          0.00   20.00   clock source latency
                  0.08    0.05   20.05 ^ clk (in)
     1    0.02                           clk (net)
                  0.08    0.00   20.05 ^ clkbuf_0_clk/A (sky130_fd_sc_hd__clkbuf_16)
                  0.04    0.10   20.15 ^ clkbuf_0_clk/X (sky130_fd_sc_hd__clkbuf_16)
     4    0.04                           clknet_0_clk (net)
                  0.04    0.00   20.15 ^ clkbuf_2_1__f_clk/A (sky130_fd_sc_hd__clkbuf_16)
                  0.04    0.09   20.25 ^ clkbuf_2_1__f_clk/X (sky130_fd_sc_hd__clkbuf_16)
    11    0.03                           clknet_2_1__leaf_clk (net)
                  0.04    0.00   20.25 ^ _246_/CLK (sky130_fd_sc_hd__dfrtp_4)
                         -0.25   20.00   clock uncertainty
                          0.00   20.00   clock reconvergence pessimism
                          0.11   20.10   library recovery time
                                 20.10   data required time
-----------------------------------------------------------------------------
                                 20.10   data required time
                                 -4.47   data arrival time
-----------------------------------------------------------------------------
                                 15.64   slack (MET)


Startpoint: _225_ (rising edge-triggered flip-flop clocked by clk)
Endpoint: tx_out (output port clocked by clk)
Path Group: clk
Path Type: max
Corner: Fastest

Fanout     Cap    Slew   Delay    Time   Description
-----------------------------------------------------------------------------
                          0.00    0.00   clock clk (rise edge)
                          0.00    0.00   clock source latency
                  0.08    0.06    0.06 ^ clk (in)
     1    0.02                           clk (net)
                  0.08    0.00    0.06 ^ clkbuf_0_clk/A (sky130_fd_sc_hd__clkbuf_16)
                  0.04    0.11    0.17 ^ clkbuf_0_clk/X (sky130_fd_sc_hd__clkbuf_16)
     4    0.04                           clknet_0_clk (net)
                  0.04    0.00    0.17 ^ clkbuf_2_3__f_clk/A (sky130_fd_sc_hd__clkbuf_16)
                  0.03    0.09    0.26 ^ clkbuf_2_3__f_clk/X (sky130_fd_sc_hd__clkbuf_16)
     5    0.01                           clknet_2_3__leaf_clk (net)
                  0.03    0.00    0.26 ^ _225_/CLK (sky130_fd_sc_hd__dfstp_1)
                  0.18    0.43    0.69 ^ _225_/Q (sky130_fd_sc_hd__dfstp_1)
     2    0.03                           net12 (net)
                  0.18    0.00    0.69 ^ output12/A (sky130_fd_sc_hd__clkbuf_4)
                  0.09    0.17    0.86 ^ output12/X (sky130_fd_sc_hd__clkbuf_4)
     1    0.03                           tx_out (net)
                  0.09    0.00    0.86 ^ tx_out (out)
                                  0.86   data arrival time

                         20.00   20.00   clock clk (rise edge)
                          0.00   20.00   clock network delay (propagated)
                         -0.25   19.75   clock uncertainty
                          0.00   19.75   clock reconvergence pessimism
                         -4.00   15.75   output external delay
                                 15.75   data required time
-----------------------------------------------------------------------------
                                 15.75   data required time
                                 -0.86   data arrival time
-----------------------------------------------------------------------------
                                 14.89   slack (MET)



======================= Slowest Corner ===================================

Startpoint: rst_n (input port clocked by clk)
Endpoint: _246_ (recovery check against rising-edge clock clk)
Path Group: asynchronous
Path Type: max
Corner: Slowest

Fanout     Cap    Slew   Delay    Time   Description
-----------------------------------------------------------------------------
                          0.00    0.00   clock clk (rise edge)
                          0.00    0.00   clock network delay (propagated)
                          4.00    4.00 ^ input external delay
                  0.03    0.02    4.02 ^ rst_n (in)
     1    0.00                           rst_n (net)
                  0.03    0.00    4.02 ^ input9/A (sky130_fd_sc_hd__clkbuf_2)
                  0.21    0.29    4.31 ^ input9/X (sky130_fd_sc_hd__clkbuf_2)
     3    0.02                           net9 (net)
                  0.21    0.00    4.31 ^ fanout14/A (sky130_fd_sc_hd__clkbuf_4)
                  0.20    0.43    4.74 ^ fanout14/X (sky130_fd_sc_hd__clkbuf_4)
     9    0.04                           net14 (net)
                  0.20    0.00    4.74 ^ fanout13/A (sky130_fd_sc_hd__clkbuf_4)
                  0.22    0.44    5.18 ^ fanout13/X (sky130_fd_sc_hd__clkbuf_4)
    10    0.04                           net13 (net)
                  0.22    0.00    5.18 ^ _246_/RESET_B (sky130_fd_sc_hd__dfrtp_4)
                                  5.18   data arrival time

                         20.00   20.00   clock clk (rise edge)
                          0.00   20.00   clock source latency
                  0.16    0.11   20.11 ^ clk (in)
     1    0.02                           clk (net)
                  0.16    0.00   20.11 ^ clkbuf_0_clk/A (sky130_fd_sc_hd__clkbuf_16)
                  0.09    0.28   20.38 ^ clkbuf_0_clk/X (sky130_fd_sc_hd__clkbuf_16)
     4    0.04                           clknet_0_clk (net)
                  0.09    0.00   20.38 ^ clkbuf_2_1__f_clk/A (sky130_fd_sc_hd__clkbuf_16)
                  0.08    0.23   20.62 ^ clkbuf_2_1__f_clk/X (sky130_fd_sc_hd__clkbuf_16)
    11    0.03                           clknet_2_1__leaf_clk (net)
                  0.08    0.00   20.62 ^ _246_/CLK (sky130_fd_sc_hd__dfrtp_4)
                         -0.25   20.37   clock uncertainty
                          0.00   20.37   clock reconvergence pessimism
                          0.38   20.74   library recovery time
                                 20.74   data required time
-----------------------------------------------------------------------------
                                 20.74   data required time
                                 -5.18   data arrival time
-----------------------------------------------------------------------------
                                 15.56   slack (MET)


Startpoint: _225_ (rising edge-triggered flip-flop clocked by clk)
Endpoint: tx_out (output port clocked by clk)
Path Group: clk
Path Type: max
Corner: Slowest

Fanout     Cap    Slew   Delay    Time   Description
-----------------------------------------------------------------------------
                          0.00    0.00   clock clk (rise edge)
                          0.00    0.00   clock source latency
                  0.16    0.12    0.12 ^ clk (in)
     1    0.02                           clk (net)
                  0.16    0.00    0.12 ^ clkbuf_0_clk/A (sky130_fd_sc_hd__clkbuf_16)
                  0.09    0.30    0.42 ^ clkbuf_0_clk/X (sky130_fd_sc_hd__clkbuf_16)
     4    0.04                           clknet_0_clk (net)
                  0.09    0.00    0.42 ^ clkbuf_2_3__f_clk/A (sky130_fd_sc_hd__clkbuf_16)
                  0.06    0.23    0.66 ^ clkbuf_2_3__f_clk/X (sky130_fd_sc_hd__clkbuf_16)
     5    0.01                           clknet_2_3__leaf_clk (net)
                  0.06    0.00    0.66 ^ _225_/CLK (sky130_fd_sc_hd__dfstp_1)
                  0.38    1.36    2.01 ^ _225_/Q (sky130_fd_sc_hd__dfstp_1)
     2    0.03                           net12 (net)
                  0.38    0.00    2.01 ^ output12/A (sky130_fd_sc_hd__clkbuf_4)
                  0.18    0.49    2.50 ^ output12/X (sky130_fd_sc_hd__clkbuf_4)
     1    0.03                           tx_out (net)
                  0.18    0.00    2.50 ^ tx_out (out)
                                  2.50   data arrival time

                         20.00   20.00   clock clk (rise edge)
                          0.00   20.00   clock network delay (propagated)
                         -0.25   19.75   clock uncertainty
                          0.00   19.75   clock reconvergence pessimism
                         -4.00   15.75   output external delay
                                 15.75   data required time
-----------------------------------------------------------------------------
                                 15.75   data required time
                                 -2.50   data arrival time
-----------------------------------------------------------------------------
                                 13.25   slack (MET)



======================= Typical Corner ===================================

Startpoint: rst_n (input port clocked by clk)
Endpoint: _246_ (recovery check against rising-edge clock clk)
Path Group: asynchronous
Path Type: max
Corner: Typical

Fanout     Cap    Slew   Delay    Time   Description
-----------------------------------------------------------------------------
                          0.00    0.00   clock clk (rise edge)
                          0.00    0.00   clock network delay (propagated)
                          4.00    4.00 ^ input external delay
                  0.02    0.01    4.01 ^ rst_n (in)
     1    0.00                           rst_n (net)
                  0.02    0.00    4.01 ^ input9/A (sky130_fd_sc_hd__clkbuf_2)
                  0.14    0.17    4.18 ^ input9/X (sky130_fd_sc_hd__clkbuf_2)
     3    0.02                           net9 (net)
                  0.14    0.00    4.18 ^ fanout14/A (sky130_fd_sc_hd__clkbuf_4)
                  0.13    0.25    4.43 ^ fanout14/X (sky130_fd_sc_hd__clkbuf_4)
     9    0.04                           net14 (net)
                  0.13    0.00    4.43 ^ fanout13/A (sky130_fd_sc_hd__clkbuf_4)
                  0.15    0.26    4.68 ^ fanout13/X (sky130_fd_sc_hd__clkbuf_4)
    10    0.05                           net13 (net)
                  0.15    0.00    4.69 ^ _246_/RESET_B (sky130_fd_sc_hd__dfrtp_4)
                                  4.69   data arrival time

                         20.00   20.00   clock clk (rise edge)
                          0.00   20.00   clock source latency
                  0.10    0.07   20.07 ^ clk (in)
     1    0.02                           clk (net)
                  0.10    0.00   20.07 ^ clkbuf_0_clk/A (sky130_fd_sc_hd__clkbuf_16)
                  0.06    0.15   20.22 ^ clkbuf_0_clk/X (sky130_fd_sc_hd__clkbuf_16)
     4    0.04                           clknet_0_clk (net)
                  0.06    0.00   20.22 ^ clkbuf_2_1__f_clk/A (sky130_fd_sc_hd__clkbuf_16)
                  0.05    0.13   20.36 ^ clkbuf_2_1__f_clk/X (sky130_fd_sc_hd__clkbuf_16)
    11    0.03                           clknet_2_1__leaf_clk (net)
                  0.05    0.00   20.36 ^ _246_/CLK (sky130_fd_sc_hd__dfrtp_4)
                         -0.25   20.11   clock uncertainty
                          0.00   20.11   clock reconvergence pessimism
                          0.19   20.29   library recovery time
                                 20.29   data required time
-----------------------------------------------------------------------------
                                 20.29   data required time
                                 -4.69   data arrival time
-----------------------------------------------------------------------------
                                 15.61   slack (MET)


Startpoint: _225_ (rising edge-triggered flip-flop clocked by clk)
Endpoint: tx_out (output port clocked by clk)
Path Group: clk
Path Type: max
Corner: Typical

Fanout     Cap    Slew   Delay    Time   Description
-----------------------------------------------------------------------------
                          0.00    0.00   clock clk (rise edge)
                          0.00    0.00   clock source latency
                  0.10    0.08    0.08 ^ clk (in)
     1    0.02                           clk (net)
                  0.10    0.00    0.08 ^ clkbuf_0_clk/A (sky130_fd_sc_hd__clkbuf_16)
                  0.06    0.17    0.25 ^ clkbuf_0_clk/X (sky130_fd_sc_hd__clkbuf_16)
     4    0.04                           clknet_0_clk (net)
                  0.06    0.00    0.25 ^ clkbuf_2_3__f_clk/A (sky130_fd_sc_hd__clkbuf_16)
                  0.04    0.13    0.38 ^ clkbuf_2_3__f_clk/X (sky130_fd_sc_hd__clkbuf_16)
     5    0.01                           clknet_2_3__leaf_clk (net)
                  0.04    0.00    0.38 ^ _225_/CLK (sky130_fd_sc_hd__dfstp_1)
                  0.24    0.67    1.04 ^ _225_/Q (sky130_fd_sc_hd__dfstp_1)
     2    0.03                           net12 (net)
                  0.24    0.00    1.04 ^ output12/A (sky130_fd_sc_hd__clkbuf_4)
                  0.11    0.27    1.31 ^ output12/X (sky130_fd_sc_hd__clkbuf_4)
     1    0.03                           tx_out (net)
                  0.11    0.00    1.31 ^ tx_out (out)
                                  1.31   data arrival time

                         20.00   20.00   clock clk (rise edge)
                          0.00   20.00   clock network delay (propagated)
                         -0.25   19.75   clock uncertainty
                          0.00   19.75   clock reconvergence pessimism
                         -4.00   15.75   output external delay
                                 15.75   data required time
-----------------------------------------------------------------------------
                                 15.75   data required time
                                 -1.31   data arrival time
-----------------------------------------------------------------------------
                                 14.44   slack (MET)




===========================================================================
report_checks --slack_max -0.01
============================================================================
======================= Fastest Corner ===================================

No paths found.

======================= Slowest Corner ===================================

No paths found.

======================= Typical Corner ===================================

No paths found.


===========================================================================
 report_check_types -max_slew -max_cap -max_fanout -violators
============================================================================
======================= Fastest Corner ===================================

max fanout

Pin                                   Limit Fanout  Slack
---------------------------------------------------------
clkbuf_2_1__f_clk/X                      10     11        (VIOLATED)


======================= Slowest Corner ===================================

max fanout

Pin                                   Limit Fanout  Slack
---------------------------------------------------------
clkbuf_2_1__f_clk/X                      10     11        (VIOLATED)


======================= Typical Corner ===================================

max fanout

Pin                                   Limit Fanout  Slack
---------------------------------------------------------
clkbuf_2_1__f_clk/X                      10     11        (VIOLATED)



===========================================================================
report_parasitic_annotation -report_unannotated
============================================================================
Found 0 unannotated drivers.
Found 0 partially unannotated drivers.

===========================================================================
max slew violation count 0
max fanout violation count 1
max cap violation count 0
============================================================================

===========================================================================
check_setup -verbose -unconstrained_endpoints -multiple_clock -no_clock -no_input_delay -loops -generated_clocks
===========================================================================
