
===========================================================================
 report_power
============================================================================
======================= Fastest Corner ===================================

Group                  Internal  Switching    Leakage      Total
                          Power      Power      Power      Power (Watts)
----------------------------------------------------------------
Sequential             1.01e-04   2.51e-05   1.59e-07   1.26e-04  34.4%
Combinational          1.39e-04   1.02e-04   3.52e-09   2.41e-04  65.6%
Macro                  0.00e+00   0.00e+00   0.00e+00   0.00e+00   0.0%
Pad                    0.00e+00   0.00e+00   0.00e+00   0.00e+00   0.0%
----------------------------------------------------------------
Total                  2.39e-04   1.27e-04   1.62e-07   3.67e-04 100.0%
                          65.3%      34.6%       0.0%

======================= Slowest Corner ===================================

Group                  Internal  Switching    Leakage      Total
                          Power      Power      Power      Power (Watts)
----------------------------------------------------------------
Sequential             6.78e-05   1.63e-05   6.34e-07   8.48e-05  33.8%
Combinational          9.95e-05   6.60e-05   8.58e-07   1.66e-04  66.2%
Macro                  0.00e+00   0.00e+00   0.00e+00   0.00e+00   0.0%
Pad                    0.00e+00   0.00e+00   0.00e+00   0.00e+00   0.0%
----------------------------------------------------------------
Total                  1.67e-04   8.23e-05   1.49e-06   2.51e-04 100.0%
                          66.6%      32.8%       0.6%

======================= Typical Corner ===================================

Group                  Internal  Switching    Leakage      Total
                          Power      Power      Power      Power (Watts)
----------------------------------------------------------------
Sequential             8.72e-05   2.10e-05   1.59e-07   1.08e-04  34.2%
Combinational          1.23e-04   8.53e-05   2.53e-09   2.08e-04  65.8%
Macro                  0.00e+00   0.00e+00   0.00e+00   0.00e+00   0.0%
Pad                    0.00e+00   0.00e+00   0.00e+00   0.00e+00   0.0%
----------------------------------------------------------------
Total                  2.10e-04   1.06e-04   1.61e-07   3.17e-04 100.0%
                          66.4%      33.6%       0.1%

