Thu Dec 11 20:26:15 UTC 2025 - Executing "openroad -exit -no_init -python /openlane/scripts/odbpy/lefutil.py get_metal_layers -o /openlane/designs/uart_tx/runs/RUN_2025.12.11_20.26.15/tmp/layers.list /home/sjh/.ciel/sky130A/libs.ref/sky130_fd_sc_hd/techlef/sky130_fd_sc_hd__nom.tlef"

Thu Dec 11 20:26:15 UTC 2025 - Executing "/openlane/scripts/mergeLef.py -o /openlane/designs/uart_tx/runs/RUN_2025.12.11_20.26.15/tmp/merged.nom.lef -i /home/sjh/.ciel/sky130A/libs.ref/sky130_fd_sc_hd/techlef/sky130_fd_sc_hd__nom.tlef {/home/sjh/.ciel/sky130A/libs.ref/sky130_fd_sc_hd/lef/sky130_ef_sc_hd.lef /home/sjh/.ciel/sky130A/libs.ref/sky130_fd_sc_hd/lef/sky130_fd_sc_hd.lef} |& tee /dev/null"

Thu Dec 11 20:26:15 UTC 2025 - Executing "/openlane/scripts/mergeLef.py -o /openlane/designs/uart_tx/runs/RUN_2025.12.11_20.26.15/tmp/merged.min.lef -i /home/sjh/.ciel/sky130A/libs.ref/sky130_fd_sc_hd/techlef/sky130_fd_sc_hd__min.tlef {/home/sjh/.ciel/sky130A/libs.ref/sky130_fd_sc_hd/lef/sky130_ef_sc_hd.lef /home/sjh/.ciel/sky130A/libs.ref/sky130_fd_sc_hd/lef/sky130_fd_sc_hd.lef} |& tee /dev/null"

Thu Dec 11 20:26:15 UTC 2025 - Executing "/openlane/scripts/mergeLef.py -o /openlane/designs/uart_tx/runs/RUN_2025.12.11_20.26.15/tmp/merged.max.lef -i /home/sjh/.ciel/sky130A/libs.ref/sky130_fd_sc_hd/techlef/sky130_fd_sc_hd__max.tlef {/home/sjh/.ciel/sky130A/libs.ref/sky130_fd_sc_hd/lef/sky130_ef_sc_hd.lef /home/sjh/.ciel/sky130A/libs.ref/sky130_fd_sc_hd/lef/sky130_fd_sc_hd.lef} |& tee /dev/null"

Thu Dec 11 20:26:16 UTC 2025 - Executing "python3 /openlane/scripts/mergeLib.py --output /openlane/designs/uart_tx/runs/RUN_2025.12.11_20.26.15/tmp/synthesis/merged.lib --name sky130A_merged /home/sjh/.ciel/sky130A/libs.ref/sky130_fd_sc_hd/lib/sky130_fd_sc_hd__tt_025C_1v80.lib"

Thu Dec 11 20:26:16 UTC 2025 - Executing "python3 /openlane/scripts/libtrim.py --cell-file /openlane/designs/uart_tx/runs/RUN_2025.12.11_20.26.15/tmp/synthesis/trimmed.lib.exclude.list --output /openlane/designs/uart_tx/runs/RUN_2025.12.11_20.26.15/tmp/synthesis/trimmed.lib /openlane/designs/uart_tx/runs/RUN_2025.12.11_20.26.15/tmp/synthesis/merged.lib"

Thu Dec 11 20:26:16 UTC 2025 - Executing "python3 /openlane/scripts/libtrim.py --cell-file /openlane/designs/uart_tx/runs/RUN_2025.12.11_20.26.15/tmp/cts/cts.lib.exclude.list --output /openlane/designs/uart_tx/runs/RUN_2025.12.11_20.26.15/tmp/cts/cts.lib /home/sjh/.ciel/sky130A/libs.ref/sky130_fd_sc_hd/lib/sky130_fd_sc_hd__tt_025C_1v80.lib"

Thu Dec 11 20:26:16 UTC 2025 - Executing "python3 /openlane/scripts/libtrim.py --cell-file /openlane/designs/uart_tx/runs/RUN_2025.12.11_20.26.15/tmp/cts/cts-fastest.lib.exclude.list --output /openlane/designs/uart_tx/runs/RUN_2025.12.11_20.26.15/tmp/cts/cts-fastest.lib /home/sjh/.ciel/sky130A/libs.ref/sky130_fd_sc_hd/lib/sky130_fd_sc_hd__ff_n40C_1v95.lib"

Thu Dec 11 20:26:17 UTC 2025 - Executing "python3 /openlane/scripts/libtrim.py --cell-file /openlane/designs/uart_tx/runs/RUN_2025.12.11_20.26.15/tmp/cts/cts-slowest.lib.exclude.list --output /openlane/designs/uart_tx/runs/RUN_2025.12.11_20.26.15/tmp/cts/cts-slowest.lib /home/sjh/.ciel/sky130A/libs.ref/sky130_fd_sc_hd/lib/sky130_fd_sc_hd__ss_100C_1v60.lib"

Thu Dec 11 20:26:17 UTC 2025 - Executing "python3 /openlane/scripts/new_tracks.py -i /home/sjh/.ciel/sky130A/libs.tech/openlane/sky130_fd_sc_hd/tracks.info -o /openlane/designs/uart_tx/runs/RUN_2025.12.11_20.26.15/tmp/routing/config.tracks"

Thu Dec 11 20:26:17 UTC 2025 - Executing "echo {OpenLane ff5509f65b17bfa4068d5336495ab1718987ff69} > /openlane/designs/uart_tx/runs/RUN_2025.12.11_20.26.15/OPENLANE_COMMIT"

Thu Dec 11 20:26:17 UTC 2025 - Executing "bash -c {verilator  --lint-only  -Wall  --Wno-DECLFILENAME  --top-module uart_tx  /openlane/designs/uart_tx/src/uart_tx.v -Wno-fatal --relative-includes |& tee /openlane/designs/uart_tx/runs/RUN_2025.12.11_20.26.15/logs/synthesis/linter.log /dev/null}"

Thu Dec 11 20:26:17 UTC 2025 - Executing "sed -E {s/^([[:space:]]+)pg_pin(.*)/\1pin\2\n\1    direction : "inout";/g} /home/sjh/.ciel/sky130A/libs.ref/sky130_fd_sc_hd/lib/sky130_fd_sc_hd__tt_025C_1v80.lib > /openlane/designs/uart_tx/runs/RUN_2025.12.11_20.26.15/tmp/synthesis/1-sky130_fd_sc_hd__tt_025C_1v80.no_pg.lib"

Thu Dec 11 20:26:17 UTC 2025 - Executing "sed -E {s/^([[:space:]]+)pg_pin(.*)/\1pin\2\n\1    direction : "inout";/g} /openlane/designs/uart_tx/runs/RUN_2025.12.11_20.26.15/tmp/synthesis/trimmed.lib > /openlane/designs/uart_tx/runs/RUN_2025.12.11_20.26.15/tmp/synthesis/1-trimmed.no_pg.lib"

Thu Dec 11 20:26:17 UTC 2025 - Executing "yosys -c /openlane/scripts/yosys/synth.tcl |& tee /dev/null /openlane/designs/uart_tx/runs/RUN_2025.12.11_20.26.15/logs/synthesis/1-synthesis.log"

Thu Dec 11 20:26:18 UTC 2025 - Executing "sed -i.bak -e {s/\(set ::env(CURRENT_NETLIST)\).*/\1 \/openlane\/designs\/uart_tx\/runs\/RUN_2025.12.11_20.26.15\/results\/synthesis\/uart_tx.v/} /openlane/designs/uart_tx/runs/RUN_2025.12.11_20.26.15/config.tcl"

Thu Dec 11 20:26:18 UTC 2025 - Executing "sed -i.bak /defparam/d /openlane/designs/uart_tx/runs/RUN_2025.12.11_20.26.15/results/synthesis/uart_tx.v"

Thu Dec 11 20:26:18 UTC 2025 - Executing "sta -exit -no_init /openlane/scripts/openroad/sta/multi_corner.tcl |& tee /dev/null /openlane/designs/uart_tx/runs/RUN_2025.12.11_20.26.15/logs/synthesis/2-sta.log"

Thu Dec 11 20:26:19 UTC 2025 - Executing "openroad -exit /openlane/scripts/openroad/floorplan.tcl |& tee /dev/null /openlane/designs/uart_tx/runs/RUN_2025.12.11_20.26.15/logs/floorplan/3-initial_fp.log"

Thu Dec 11 20:26:19 UTC 2025 - Executing "openroad -exit -no_init -python /openlane/scripts/odbpy/defutil.py extract_core_dims --output-data /openlane/designs/uart_tx/runs/RUN_2025.12.11_20.26.15/tmp/dimensions.txt --input-lef /openlane/designs/uart_tx/runs/RUN_2025.12.11_20.26.15/tmp/merged.nom.lef /openlane/designs/uart_tx/runs/RUN_2025.12.11_20.26.15/tmp/floorplan/3-initial_fp.def"

Thu Dec 11 20:26:20 UTC 2025 - Executing "openroad -exit /openlane/scripts/openroad/ioplacer.tcl |& tee /dev/null /openlane/designs/uart_tx/runs/RUN_2025.12.11_20.26.15/logs/floorplan/4-io.log"

Thu Dec 11 20:26:20 UTC 2025 - Executing "openroad -exit /openlane/scripts/openroad/tapcell.tcl |& tee /dev/null /openlane/designs/uart_tx/runs/RUN_2025.12.11_20.26.15/logs/floorplan/5-tap.log"

Thu Dec 11 20:26:21 UTC 2025 - Executing "openroad -exit /openlane/scripts/openroad/pdn.tcl |& tee /dev/null /openlane/designs/uart_tx/runs/RUN_2025.12.11_20.26.15/logs/floorplan/6-pdn.log"

Thu Dec 11 20:26:21 UTC 2025 - Executing "openroad -exit /openlane/scripts/openroad/gpl.tcl |& tee /dev/null /openlane/designs/uart_tx/runs/RUN_2025.12.11_20.26.15/logs/placement/7-global.log"

Thu Dec 11 20:26:22 UTC 2025 - Executing "sed -i.bak -e {s/\(set ::env(CURRENT_NETLIST)\).*/\1 \/openlane\/designs\/uart_tx\/runs\/RUN_2025.12.11_20.26.15\/tmp\/placement\/7-global.nl.v/} /openlane/designs/uart_tx/runs/RUN_2025.12.11_20.26.15/config.tcl"

Thu Dec 11 20:26:22 UTC 2025 - Executing "openroad -exit /openlane/scripts/openroad/sta/multi_corner.tcl |& tee /dev/null /openlane/designs/uart_tx/runs/RUN_2025.12.11_20.26.15/logs/placement/8-gpl_sta.log"

Thu Dec 11 20:26:23 UTC 2025 - Executing "openroad -exit /openlane/scripts/openroad/resizer.tcl |& tee /dev/null /openlane/designs/uart_tx/runs/RUN_2025.12.11_20.26.15/logs/placement/9-resizer.log"

Thu Dec 11 20:26:24 UTC 2025 - Executing "sed -i.bak -e {s/\(set ::env(CURRENT_NETLIST)\).*/\1 \/openlane\/designs\/uart_tx\/runs\/RUN_2025.12.11_20.26.15\/tmp\/placement\/9-resizer.nl.v/} /openlane/designs/uart_tx/runs/RUN_2025.12.11_20.26.15/config.tcl"

Thu Dec 11 20:26:24 UTC 2025 - Executing "openroad -exit /openlane/scripts/openroad/dpl.tcl |& tee /dev/null /openlane/designs/uart_tx/runs/RUN_2025.12.11_20.26.15/logs/placement/10-detailed.log"

Thu Dec 11 20:26:24 UTC 2025 - Executing "sed -i.bak -e {s/\(set ::env(CURRENT_NETLIST)\).*/\1 \/openlane\/designs\/uart_tx\/runs\/RUN_2025.12.11_20.26.15\/results\/placement\/uart_tx.nl.v/} /openlane/designs/uart_tx/runs/RUN_2025.12.11_20.26.15/config.tcl"

Thu Dec 11 20:26:24 UTC 2025 - Executing "openroad -exit /openlane/scripts/openroad/sta/multi_corner.tcl |& tee /dev/null /openlane/designs/uart_tx/runs/RUN_2025.12.11_20.26.15/logs/placement/11-dpl_sta.log"

Thu Dec 11 20:26:25 UTC 2025 - Executing "openroad -exit /openlane/scripts/openroad/cts.tcl |& tee /dev/null /openlane/designs/uart_tx/runs/RUN_2025.12.11_20.26.15/logs/cts/12-cts.log"

Thu Dec 11 20:26:51 UTC 2025 - Executing "openroad -exit /openlane/scripts/openroad/sta/multi_corner.tcl |& tee /dev/null /openlane/designs/uart_tx/runs/RUN_2025.12.11_20.26.15/logs/cts/13-cts_sta.log"

Thu Dec 11 20:26:52 UTC 2025 - Executing "openroad -exit /openlane/scripts/openroad/resizer_timing.tcl |& tee /dev/null /openlane/designs/uart_tx/runs/RUN_2025.12.11_20.26.15/logs/cts/14-resizer.log"

Thu Dec 11 20:26:53 UTC 2025 - Executing "sed -i.bak -e {s/\(set ::env(CURRENT_NETLIST)\).*/\1 \/openlane\/designs\/uart_tx\/runs\/RUN_2025.12.11_20.26.15\/tmp\/cts\/14-uart_tx.resized.nl.v/} /openlane/designs/uart_tx/runs/RUN_2025.12.11_20.26.15/config.tcl"

Thu Dec 11 20:26:53 UTC 2025 - Executing "openroad -exit /openlane/scripts/openroad/resizer_routing_design.tcl |& tee /dev/null /openlane/designs/uart_tx/runs/RUN_2025.12.11_20.26.15/logs/routing/15-resizer_design.log"

Thu Dec 11 20:26:54 UTC 2025 - Executing "sed -i.bak -e {s/\(set ::env(CURRENT_NETLIST)\).*/\1 \/openlane\/designs\/uart_tx\/runs\/RUN_2025.12.11_20.26.15\/tmp\/15-uart_tx.nl.v/} /openlane/designs/uart_tx/runs/RUN_2025.12.11_20.26.15/config.tcl"

Thu Dec 11 20:26:54 UTC 2025 - Executing "openroad -exit /openlane/scripts/openroad/sta/multi_corner.tcl |& tee /dev/null /openlane/designs/uart_tx/runs/RUN_2025.12.11_20.26.15/logs/routing/16-rsz_design_sta.log"

Thu Dec 11 20:26:55 UTC 2025 - Executing "openroad -exit /openlane/scripts/openroad/resizer_routing_timing.tcl |& tee /dev/null /openlane/designs/uart_tx/runs/RUN_2025.12.11_20.26.15/logs/routing/17-resizer_timing.log"

Thu Dec 11 20:26:56 UTC 2025 - Executing "sed -i.bak -e {s/\(set ::env(CURRENT_NETLIST)\).*/\1 \/openlane\/designs\/uart_tx\/runs\/RUN_2025.12.11_20.26.15\/tmp\/17-uart_tx.nl.v/} /openlane/designs/uart_tx/runs/RUN_2025.12.11_20.26.15/config.tcl"

Thu Dec 11 20:26:56 UTC 2025 - Executing "openroad -exit /openlane/scripts/openroad/sta/multi_corner.tcl |& tee /dev/null /openlane/designs/uart_tx/runs/RUN_2025.12.11_20.26.15/logs/routing/18-rsz_timing_sta.log"

Thu Dec 11 20:26:56 UTC 2025 - Executing "openroad -exit /openlane/scripts/openroad/groute.tcl |& tee /dev/null /openlane/designs/uart_tx/runs/RUN_2025.12.11_20.26.15/logs/routing/19-global.log"

Thu Dec 11 20:26:57 UTC 2025 - Executing "openroad -exit /openlane/scripts/openroad/write_views.tcl |& tee /dev/null /openlane/designs/uart_tx/runs/RUN_2025.12.11_20.26.15/logs/routing/19-global_write_netlist.log"

Thu Dec 11 20:26:57 UTC 2025 - Executing "sed -i.bak -e {s/\(set ::env(CURRENT_NETLIST)\).*/\1 \/openlane\/designs\/uart_tx\/runs\/RUN_2025.12.11_20.26.15\/tmp\/routing\/global.nl.v/} /openlane/designs/uart_tx/runs/RUN_2025.12.11_20.26.15/config.tcl"

Thu Dec 11 20:26:57 UTC 2025 - Executing "openroad -exit /openlane/scripts/openroad/sta/multi_corner.tcl |& tee /dev/null /openlane/designs/uart_tx/runs/RUN_2025.12.11_20.26.15/logs/routing/21-grt_sta.log"

Thu Dec 11 20:26:58 UTC 2025 - Executing "openroad -exit /openlane/scripts/openroad/fill.tcl |& tee /dev/null /openlane/designs/uart_tx/runs/RUN_2025.12.11_20.26.15/logs/routing/22-fill.log"

Thu Dec 11 20:26:58 UTC 2025 - Executing "sed -i.bak -e {s/\(set ::env(CURRENT_NETLIST)\).*/\1 \/openlane\/designs\/uart_tx\/runs\/RUN_2025.12.11_20.26.15\/tmp\/routing\/22-fill.nl.v/} /openlane/designs/uart_tx/runs/RUN_2025.12.11_20.26.15/config.tcl"

Thu Dec 11 20:26:59 UTC 2025 - Executing "openroad -exit /openlane/scripts/openroad/droute.tcl |& tee /dev/null /openlane/designs/uart_tx/runs/RUN_2025.12.11_20.26.15/logs/routing/23-detailed.log"

Thu Dec 11 20:27:11 UTC 2025 - Executing "sed -i.bak -e {s/\(set ::env(CURRENT_NETLIST)\).*/\1 \/openlane\/designs\/uart_tx\/runs\/RUN_2025.12.11_20.26.15\/results\/routing\/uart_tx.nl.v/} /openlane/designs/uart_tx/runs/RUN_2025.12.11_20.26.15/config.tcl"

Thu Dec 11 20:27:11 UTC 2025 - Executing "python3 /openlane/scripts/drc_rosetta.py tr to_klayout -o /openlane/designs/uart_tx/runs/RUN_2025.12.11_20.26.15/reports/routing/drt.klayout.xml --design-name uart_tx /openlane/designs/uart_tx/runs/RUN_2025.12.11_20.26.15/reports/routing/drt.drc"

Thu Dec 11 20:27:11 UTC 2025 - Executing "openroad -exit -no_init -python /openlane/scripts/odbpy/wire_lengths.py --report-out /openlane/designs/uart_tx/runs/RUN_2025.12.11_20.26.15/reports/routing/24-wire_lengths.csv --input-lef /openlane/designs/uart_tx/runs/RUN_2025.12.11_20.26.15/tmp/merged.nom.lef --output-def /dev/null --output /openlane/designs/uart_tx/runs/RUN_2025.12.11_20.26.15/results/routing/uart_tx.odb /openlane/designs/uart_tx/runs/RUN_2025.12.11_20.26.15/results/routing/uart_tx.odb |& tee /dev/null /openlane/designs/uart_tx/runs/RUN_2025.12.11_20.26.15/logs/routing/24-wire_lengths.log"

Thu Dec 11 20:27:11 UTC 2025 - Executing "openroad -exit /openlane/scripts/openroad/rcx.tcl |& tee /dev/null /openlane/designs/uart_tx/runs/RUN_2025.12.11_20.26.15/logs/signoff/25-parasitics_extraction.min.log"

Thu Dec 11 20:27:12 UTC 2025 - Executing "sta -exit -no_init /openlane/scripts/openroad/sta/multi_corner.tcl |& tee /dev/null /openlane/designs/uart_tx/runs/RUN_2025.12.11_20.26.15/logs/signoff/26-rcx_mcsta.min.log"

Thu Dec 11 20:27:13 UTC 2025 - Executing "openroad -exit /openlane/scripts/openroad/rcx.tcl |& tee /dev/null /openlane/designs/uart_tx/runs/RUN_2025.12.11_20.26.15/logs/signoff/27-parasitics_extraction.max.log"

Thu Dec 11 20:27:14 UTC 2025 - Executing "sta -exit -no_init /openlane/scripts/openroad/sta/multi_corner.tcl |& tee /dev/null /openlane/designs/uart_tx/runs/RUN_2025.12.11_20.26.15/logs/signoff/28-rcx_mcsta.max.log"

Thu Dec 11 20:27:15 UTC 2025 - Executing "openroad -exit /openlane/scripts/openroad/rcx.tcl |& tee /dev/null /openlane/designs/uart_tx/runs/RUN_2025.12.11_20.26.15/logs/signoff/29-parasitics_extraction.nom.log"

Thu Dec 11 20:27:15 UTC 2025 - Executing "sta -exit -no_init /openlane/scripts/openroad/sta/multi_corner.tcl |& tee /dev/null /openlane/designs/uart_tx/runs/RUN_2025.12.11_20.26.15/logs/signoff/30-rcx_mcsta.nom.log"

Thu Dec 11 20:27:16 UTC 2025 - Executing "sta -exit -no_init /openlane/scripts/openroad/sta/multi_corner.tcl |& tee /dev/null /openlane/designs/uart_tx/runs/RUN_2025.12.11_20.26.15/logs/signoff/31-rcx_sta.log"

Thu Dec 11 20:27:17 UTC 2025 - Executing "openroad -exit /openlane/scripts/openroad/irdrop.tcl |& tee /dev/null /openlane/designs/uart_tx/runs/RUN_2025.12.11_20.26.15/logs/signoff/32-irdrop.log"

Thu Dec 11 20:27:17 UTC 2025 - Executing "magic -noconsole -dnull -rcfile /home/sjh/.ciel/sky130A/libs.tech/magic/sky130A.magicrc < /openlane/scripts/magic/wrapper.tcl |& tee /dev/null /openlane/designs/uart_tx/runs/RUN_2025.12.11_20.26.15/logs/signoff/33-gdsii.log"

Thu Dec 11 20:27:18 UTC 2025 - Executing "magic -noconsole -dnull -rcfile /home/sjh/.ciel/sky130A/libs.tech/magic/sky130A.magicrc < /openlane/scripts/magic/wrapper.tcl |& tee /dev/null /openlane/designs/uart_tx/runs/RUN_2025.12.11_20.26.15/logs/signoff/33-gds_ptrs.log"

Thu Dec 11 20:27:18 UTC 2025 - Executing "sed -i.bak -n {/^<< properties >>/,/^<< end >>/p} /openlane/designs/uart_tx/runs/RUN_2025.12.11_20.26.15/tmp/signoff/gds_ptrs.mag"

Thu Dec 11 20:27:18 UTC 2025 - Executing "magic -noconsole -dnull -rcfile /home/sjh/.ciel/sky130A/libs.tech/magic/sky130A.magicrc < /openlane/scripts/magic/wrapper.tcl |& tee /dev/null /openlane/designs/uart_tx/runs/RUN_2025.12.11_20.26.15/logs/signoff/33-lef.log"

Thu Dec 11 20:27:19 UTC 2025 - Executing "magic -noconsole -dnull -rcfile /home/sjh/.ciel/sky130A/libs.tech/magic/sky130A.magicrc < /openlane/scripts/magic/wrapper.tcl |& tee /dev/null /openlane/designs/uart_tx/runs/RUN_2025.12.11_20.26.15/logs/signoff/33-maglef.log"

Thu Dec 11 20:27:19 UTC 2025 - Executing "python3 /openlane/scripts/klayout/stream_out.py --output /openlane/designs/uart_tx/runs/RUN_2025.12.11_20.26.15/results/signoff/uart_tx.klayout.gds --lyt /home/sjh/.ciel/sky130A/libs.tech/klayout/tech/sky130A.lyt --lym /home/sjh/.ciel/sky130A/libs.tech/klayout/tech/sky130A.map --lyp /home/sjh/.ciel/sky130A/libs.tech/klayout/tech/sky130A.lyp --top uart_tx --with-gds-file /home/sjh/.ciel/sky130A/libs.ref/sky130_fd_sc_hd/gds/sky130_fd_sc_hd.gds --input-lef /openlane/designs/uart_tx/runs/RUN_2025.12.11_20.26.15/tmp/merged.nom.lef /openlane/designs/uart_tx/runs/RUN_2025.12.11_20.26.15/results/routing/uart_tx.def |& tee /dev/null /openlane/designs/uart_tx/runs/RUN_2025.12.11_20.26.15/logs/signoff/34-gdsii-klayout.log"

Thu Dec 11 20:27:20 UTC 2025 - Executing "klayout -b -r /openlane/scripts/klayout/xor.drc -rd a=/openlane/designs/uart_tx/runs/RUN_2025.12.11_20.26.15/results/signoff/uart_tx.gds -rd b=/openlane/designs/uart_tx/runs/RUN_2025.12.11_20.26.15/results/signoff/uart_tx.klayout.gds -rd jobs=1 -rd rdb_out=/openlane/designs/uart_tx/runs/RUN_2025.12.11_20.26.15/reports/signoff/35-xor.xml -rd ignore=81/14 -rd rpt_out=/openlane/designs/uart_tx/runs/RUN_2025.12.11_20.26.15/reports/signoff/35-xor.rpt |& tee /dev/null /openlane/designs/uart_tx/runs/RUN_2025.12.11_20.26.15/logs/signoff/35-xor.log"

Thu Dec 11 20:27:21 UTC 2025 - Executing "magic -noconsole -dnull -rcfile /home/sjh/.ciel/sky130A/libs.tech/magic/sky130A.magicrc < /openlane/scripts/magic/wrapper.tcl |& tee /dev/null /openlane/designs/uart_tx/runs/RUN_2025.12.11_20.26.15/logs/signoff/36-spice.log"

Thu Dec 11 20:27:23 UTC 2025 - Executing "openroad -exit -no_init -python /openlane/scripts/odbpy/power_utils.py write_powered_def --output /openlane/designs/uart_tx/runs/RUN_2025.12.11_20.26.15/tmp/signoff/36-uart_tx.p.def --input-lef /openlane/designs/uart_tx/runs/RUN_2025.12.11_20.26.15/tmp/merged.nom.lef --power-port VPWR --ground-port VGND --powered-netlist {} /openlane/designs/uart_tx/runs/RUN_2025.12.11_20.26.15/results/routing/uart_tx.def |& tee /dev/null /openlane/designs/uart_tx/runs/RUN_2025.12.11_20.26.15/logs/signoff/37-write_powered_def.log"

Thu Dec 11 20:27:23 UTC 2025 - Executing "openroad -exit /openlane/scripts/openroad/write_views.tcl |& tee /dev/null /openlane/designs/uart_tx/runs/RUN_2025.12.11_20.26.15/logs/signoff/37-write_powered_verilog.log"

Thu Dec 11 20:27:24 UTC 2025 - Executing "sed -i.bak -e {s/\(set ::env(CURRENT_NETLIST)\).*/\1 \/openlane\/designs\/uart_tx\/runs\/RUN_2025.12.11_20.26.15\/tmp\/signoff\/36-uart_tx.nl.v/} /openlane/designs/uart_tx/runs/RUN_2025.12.11_20.26.15/config.tcl"

Thu Dec 11 20:27:24 UTC 2025 - Executing "netgen -batch source /openlane/designs/uart_tx/runs/RUN_2025.12.11_20.26.15/tmp/signoff/39-setup_file.lef.lvs |& tee /dev/null /openlane/designs/uart_tx/runs/RUN_2025.12.11_20.26.15/logs/signoff/39-lvs.lef.log"

Thu Dec 11 20:27:24 UTC 2025 - Executing "magic -noconsole -dnull -rcfile /home/sjh/.ciel/sky130A/libs.tech/magic/sky130A.magicrc < /openlane/scripts/magic/wrapper.tcl |& tee /dev/null /openlane/designs/uart_tx/runs/RUN_2025.12.11_20.26.15/logs/signoff/40-drc.log"

Thu Dec 11 20:27:25 UTC 2025 - Executing "python3 /openlane/scripts/drc_rosetta.py magic to_tcl -o /openlane/designs/uart_tx/runs/RUN_2025.12.11_20.26.15/reports/signoff/drc.tcl /openlane/designs/uart_tx/runs/RUN_2025.12.11_20.26.15/reports/signoff/drc.rpt"

Thu Dec 11 20:27:25 UTC 2025 - Executing "python3 /openlane/scripts/drc_rosetta.py magic to_tr -o /openlane/designs/uart_tx/runs/RUN_2025.12.11_20.26.15/reports/signoff/drc.tr /openlane/designs/uart_tx/runs/RUN_2025.12.11_20.26.15/reports/signoff/drc.rpt"

Thu Dec 11 20:27:25 UTC 2025 - Executing "python3 /openlane/scripts/drc_rosetta.py tr to_klayout -o /openlane/designs/uart_tx/runs/RUN_2025.12.11_20.26.15/reports/signoff/drc.klayout.xml --design-name uart_tx /openlane/designs/uart_tx/runs/RUN_2025.12.11_20.26.15/reports/signoff/drc.tr"

Thu Dec 11 20:27:25 UTC 2025 - Executing "python3 /openlane/scripts/drc_rosetta.py magic to_rdb -o /openlane/designs/uart_tx/runs/RUN_2025.12.11_20.26.15/reports/signoff/drc.rdb /openlane/designs/uart_tx/runs/RUN_2025.12.11_20.26.15/reports/signoff/drc.rpt"

Thu Dec 11 20:27:25 UTC 2025 - Executing "openroad -exit /openlane/scripts/openroad/antenna_check.tcl |& tee /dev/null /openlane/designs/uart_tx/runs/RUN_2025.12.11_20.26.15/logs/signoff/41-arc.log"

Thu Dec 11 20:27:26 UTC 2025 - Executing "python3 /openlane/scripts/extract_antenna_violators.py --output /openlane/designs/uart_tx/runs/RUN_2025.12.11_20.26.15/reports/signoff/41-antenna_violators.rpt --plain-out /openlane/designs/uart_tx/runs/RUN_2025.12.11_20.26.15/reports/signoff/41-antenna_violators_pins.txt /openlane/designs/uart_tx/runs/RUN_2025.12.11_20.26.15/logs/signoff/41-arc.log"

Thu Dec 11 20:27:26 UTC 2025 - Executing "awk -v vdd=VPWR -v gnd=VGND -f /home/sjh/.ciel/sky130A/libs.tech/openlane/cvc/power.awk /openlane/designs/uart_tx/runs/RUN_2025.12.11_20.26.15/tmp/signoff/36-uart_tx.nl.v > /openlane/designs/uart_tx/runs/RUN_2025.12.11_20.26.15/tmp/signoff/uart_tx.power"

Thu Dec 11 20:27:26 UTC 2025 - Executing "awk -f /home/sjh/.ciel/sky130A/libs.tech/openlane/cvc/cdl.awk /home/sjh/.ciel/sky130A/libs.ref/sky130_fd_sc_hd/cdl/sky130_fd_sc_hd.cdl /openlane/designs/uart_tx/runs/RUN_2025.12.11_20.26.15/results/signoff/uart_tx.lef.spice > /openlane/designs/uart_tx/runs/RUN_2025.12.11_20.26.15/tmp/signoff/uart_tx.cdl"

Thu Dec 11 20:27:26 UTC 2025 - Executing "cvc_rv /home/sjh/.ciel/sky130A/libs.tech/openlane/cvc/cvcrc |& tee /dev/null /openlane/designs/uart_tx/runs/RUN_2025.12.11_20.26.15/logs/signoff/42-erc_screen.log"

