
===========================================================================
report_checks -unconstrained
===========================================================================
======================= Typical Corner ===================================

Startpoint: rst_n (input port clocked by clk)
Endpoint: _246_ (recovery check against rising-edge clock clk)
Path Group: asynchronous
Path Type: max

Fanout     Cap    Slew   Delay    Time   Description
-----------------------------------------------------------------------------
                          0.00    0.00   clock clk (rise edge)
                          0.00    0.00   clock network delay (propagated)
                          4.00    4.00 ^ input external delay
                  0.02    0.01    4.01 ^ rst_n (in)
     1    0.00                           rst_n (net)
                  0.02    0.00    4.01 ^ input9/A (sky130_fd_sc_hd__clkbuf_2)
                  0.15    0.18    4.19 ^ input9/X (sky130_fd_sc_hd__clkbuf_2)
     3    0.03                           net9 (net)
                  0.15    0.00    4.19 ^ fanout14/A (sky130_fd_sc_hd__clkbuf_4)
                  0.14    0.25    4.44 ^ fanout14/X (sky130_fd_sc_hd__clkbuf_4)
     9    0.04                           net14 (net)
                  0.14    0.00    4.44 ^ fanout13/A (sky130_fd_sc_hd__clkbuf_4)
                  0.15    0.26    4.70 ^ fanout13/X (sky130_fd_sc_hd__clkbuf_4)
    10    0.05                           net13 (net)
                  0.15    0.00    4.70 ^ _246_/RESET_B (sky130_fd_sc_hd__dfrtp_4)
                                  4.70   data arrival time

                         20.00   20.00   clock clk (rise edge)
                          0.00   20.00   clock source latency
                  0.11    0.07   20.07 ^ clk (in)
     1    0.02                           clk (net)
                  0.11    0.00   20.07 ^ clkbuf_0_clk/A (sky130_fd_sc_hd__clkbuf_16)
                  0.06    0.16   20.23 ^ clkbuf_0_clk/X (sky130_fd_sc_hd__clkbuf_16)
     4    0.04                           clknet_0_clk (net)
                  0.06    0.00   20.23 ^ clkbuf_2_1__f_clk/A (sky130_fd_sc_hd__clkbuf_16)
                  0.05    0.13   20.36 ^ clkbuf_2_1__f_clk/X (sky130_fd_sc_hd__clkbuf_16)
    11    0.03                           clknet_2_1__leaf_clk (net)
                  0.05    0.00   20.36 ^ _246_/CLK (sky130_fd_sc_hd__dfrtp_4)
                         -0.25   20.11   clock uncertainty
                          0.00   20.11   clock reconvergence pessimism
                          0.19   20.30   library recovery time
                                 20.30   data required time
-----------------------------------------------------------------------------
                                 20.30   data required time
                                 -4.70   data arrival time
-----------------------------------------------------------------------------
                                 15.60   slack (MET)


Startpoint: _225_ (rising edge-triggered flip-flop clocked by clk)
Endpoint: tx_out (output port clocked by clk)
Path Group: clk
Path Type: max

Fanout     Cap    Slew   Delay    Time   Description
-----------------------------------------------------------------------------
                          0.00    0.00   clock clk (rise edge)
                          0.00    0.00   clock source latency
                  0.11    0.08    0.08 ^ clk (in)
     1    0.02                           clk (net)
                  0.11    0.00    0.08 ^ clkbuf_0_clk/A (sky130_fd_sc_hd__clkbuf_16)
                  0.06    0.17    0.25 ^ clkbuf_0_clk/X (sky130_fd_sc_hd__clkbuf_16)
     4    0.04                           clknet_0_clk (net)
                  0.06    0.00    0.25 ^ clkbuf_2_3__f_clk/A (sky130_fd_sc_hd__clkbuf_16)
                  0.04    0.13    0.38 ^ clkbuf_2_3__f_clk/X (sky130_fd_sc_hd__clkbuf_16)
     5    0.02                           clknet_2_3__leaf_clk (net)
                  0.04    0.00    0.38 ^ _225_/CLK (sky130_fd_sc_hd__dfstp_1)
                  0.26    0.68    1.06 ^ _225_/Q (sky130_fd_sc_hd__dfstp_1)
     2    0.03                           net12 (net)
                  0.26    0.00    1.07 ^ output12/A (sky130_fd_sc_hd__clkbuf_4)
                  0.11    0.27    1.34 ^ output12/X (sky130_fd_sc_hd__clkbuf_4)
     1    0.03                           tx_out (net)
                  0.11    0.00    1.34 ^ tx_out (out)
                                  1.34   data arrival time

                         20.00   20.00   clock clk (rise edge)
                          0.00   20.00   clock network delay (propagated)
                         -0.25   19.75   clock uncertainty
                          0.00   19.75   clock reconvergence pessimism
                         -4.00   15.75   output external delay
                                 15.75   data required time
-----------------------------------------------------------------------------
                                 15.75   data required time
                                 -1.34   data arrival time
-----------------------------------------------------------------------------
                                 14.41   slack (MET)




===========================================================================
report_checks --slack_max -0.01
============================================================================
======================= Typical Corner ===================================

No paths found.


===========================================================================
 report_check_types -max_slew -max_cap -max_fanout -violators
============================================================================
======================= Typical Corner ===================================

max fanout

Pin                                   Limit Fanout  Slack
---------------------------------------------------------
clkbuf_2_1__f_clk/X                      10     11        (VIOLATED)



===========================================================================
report_parasitic_annotation -report_unannotated
============================================================================
Found 0 unannotated drivers.
Found 0 partially unannotated drivers.

===========================================================================
max slew violation count 0
max fanout violation count 1
max cap violation count 0
============================================================================

===========================================================================
check_setup -verbose -unconstrained_endpoints -multiple_clock -no_clock -no_input_delay -loops -generated_clocks
===========================================================================
