Instance name,  X location,  Y location,  Voltage 
FILLER_0_64_357, 175.44, 187.68, 1.79971
FILLER_0_62_357, 175.44, 182.24, 1.79971
FILLER_0_60_357, 175.44, 176.8, 1.79971
FILLER_0_58_357, 175.44, 171.36, 1.79972
FILLER_0_56_357, 175.44, 165.92, 1.79972
FILLER_0_54_357, 175.44, 160.48, 1.79972
FILLER_0_52_357, 175.44, 155.04, 1.79972
FILLER_0_50_357, 175.44, 149.6, 1.79972
FILLER_0_48_357, 175.44, 144.16, 1.79972
FILLER_0_46_357, 175.44, 138.72, 1.79972
FILLER_0_44_357, 175.44, 133.28, 1.79972
FILLER_0_42_357, 175.44, 127.84, 1.79972
FILLER_0_40_357, 175.44, 122.4, 1.79973
FILLER_0_38_357, 175.44, 116.96, 1.79973
FILLER_0_36_357, 175.44, 111.52, 1.79973
FILLER_0_34_357, 175.44, 106.08, 1.79973
FILLER_0_32_357, 175.44, 100.64, 1.79973
FILLER_0_30_357, 175.44, 95.2, 1.79973
FILLER_0_28_357, 175.44, 89.76, 1.79974
FILLER_0_26_357, 175.44, 84.32, 1.79974
FILLER_0_24_357, 175.44, 78.88, 1.79974
FILLER_0_22_357, 175.44, 73.44, 1.79971
FILLER_0_20_357, 175.44, 68, 1.7997
FILLER_0_18_357, 175.44, 62.56, 1.7997
FILLER_0_14_361, 175.44, 51.68, 1.79971
FILLER_0_10_361, 175.44, 40.8, 1.79981
FILLER_0_6_357, 175.44, 29.92, 1.79983
FILLER_0_4_357, 175.44, 24.48, 1.79989
FILLER_0_2_357, 175.44, 19.04, 1.7999
input5, 175.44, 13.6, 1.7999
FILLER_0_0_361, 175.44, 13.6, 1.7999
FILLER_0_0_365, 175.44, 13.6, 1.7999
PHY_128, 5.52, 187.68, 1.7997
PHY_129, 194.12, 187.68, 1.79971
FILLER_0_64_53, 34.64, 187.68, 1.7997
FILLER_0_64_81, 47.44, 187.68, 1.7997
FILLER_0_64_85, 47.44, 187.68, 1.7997
FILLER_0_64_137, 73.04, 187.68, 1.7997
FILLER_0_64_165, 85.84, 187.68, 1.7997
FILLER_0_64_193, 98.64, 187.68, 1.7997
input7, 111.44, 187.68, 1.79971
FILLER_0_64_221, 111.44, 187.68, 1.79971
FILLER_0_64_249, 124.24, 187.68, 1.79971
FILLER_0_64_277, 137.04, 187.68, 1.79971
FILLER_0_64_305, 149.84, 187.68, 1.79971
FILLER_0_64_333, 162.64, 187.68, 1.79971
FILLER_0_64_389, 184.78, 187.68, 1.79971
PHY_124, 5.52, 182.24, 1.79967
PHY_126, 5.52, 182.24, 1.79967
output11, 5.52, 182.24, 1.79967
PHY_125, 194.12, 182.24, 1.79971
PHY_127, 194.12, 182.24, 1.79971
FILLER_0_62_401, 194.12, 182.24, 1.79971
FILLER_0_64_21, 13.68, 182.24, 1.79968
FILLER_0_63_51, 34.64, 182.24, 1.79968
output12, 47.44, 182.24, 1.79967
FILLER_0_63_105, 47.44, 182.24, 1.79967
FILLER_0_62_133, 73.04, 182.24, 1.79968
FILLER_0_63_161, 85.84, 182.24, 1.79968
FILLER_0_62_189, 98.64, 182.24, 1.79968
FILLER_0_63_217, 111.44, 182.24, 1.79969
FILLER_0_62_245, 124.24, 182.24, 1.79969
FILLER_0_63_273, 137.04, 182.24, 1.7997
FILLER_0_62_301, 149.84, 182.24, 1.7997
input2, 162.64, 182.24, 1.79971
FILLER_0_63_329, 162.64, 182.24, 1.79971
FILLER_0_64_349, 162.64, 182.24, 1.79971
FILLER_0_63_385, 184.78, 182.24, 1.79971
PHY_120, 5.52, 176.8, 1.7997
PHY_122, 5.52, 176.8, 1.7997
PHY_121, 194.12, 176.8, 1.79971
PHY_123, 194.12, 176.8, 1.79971
FILLER_0_60_401, 194.12, 176.8, 1.79971
FILLER_0_61_51, 34.64, 176.8, 1.7997
FILLER_0_62_77, 34.64, 176.8, 1.7997
FILLER_0_61_105, 47.44, 176.8, 1.7997
FILLER_0_60_133, 73.04, 176.8, 1.79971
FILLER_0_61_161, 85.84, 176.8, 1.79971
FILLER_0_60_189, 98.64, 176.8, 1.79971
FILLER_0_61_217, 111.44, 176.8, 1.79971
FILLER_0_60_245, 124.24, 176.8, 1.79971
FILLER_0_61_273, 137.04, 176.8, 1.79971
FILLER_0_60_301, 149.84, 176.8, 1.79971
FILLER_0_61_329, 162.64, 176.8, 1.79971
FILLER_0_61_385, 184.78, 176.8, 1.79971
PHY_116, 5.52, 171.36, 1.7997
PHY_118, 5.52, 171.36, 1.7997
PHY_117, 194.12, 171.36, 1.79972
PHY_119, 194.12, 171.36, 1.79972
FILLER_0_58_401, 194.12, 171.36, 1.79972
FILLER_0_59_51, 34.64, 171.36, 1.7997
FILLER_0_60_77, 34.64, 171.36, 1.7997
FILLER_0_59_105, 47.44, 171.36, 1.79971
FILLER_0_58_133, 73.04, 171.36, 1.79971
FILLER_0_59_161, 85.84, 171.36, 1.79971
FILLER_0_58_189, 98.64, 171.36, 1.79971
FILLER_0_59_217, 111.44, 171.36, 1.79971
FILLER_0_58_245, 124.24, 171.36, 1.79971
FILLER_0_59_273, 137.04, 171.36, 1.79971
FILLER_0_58_301, 149.84, 171.36, 1.79971
FILLER_0_59_329, 162.64, 171.36, 1.79971
FILLER_0_59_385, 184.78, 171.36, 1.79972
PHY_112, 5.52, 165.92, 1.7997
PHY_114, 5.52, 165.92, 1.7997
PHY_113, 194.12, 165.92, 1.79971
PHY_115, 194.12, 165.92, 1.79971
input8, 194.12, 165.92, 1.79971
FILLER_0_56_401, 194.12, 165.92, 1.79971
FILLER_0_57_51, 34.64, 165.92, 1.7997
FILLER_0_58_77, 34.64, 165.92, 1.7997
FILLER_0_57_105, 47.44, 165.92, 1.79971
FILLER_0_56_133, 73.04, 165.92, 1.79971
FILLER_0_57_161, 85.84, 165.92, 1.79971
FILLER_0_56_189, 98.64, 165.92, 1.79971
FILLER_0_57_217, 111.44, 165.92, 1.79971
FILLER_0_56_245, 124.24, 165.92, 1.79971
FILLER_0_57_273, 137.04, 165.92, 1.79971
FILLER_0_56_301, 149.84, 165.92, 1.79971
FILLER_0_57_329, 162.64, 165.92, 1.79971
FILLER_0_57_385, 184.78, 165.92, 1.79971
FILLER_0_57_393, 184.78, 165.92, 1.79971
PHY_108, 5.52, 160.48, 1.7997
PHY_110, 5.52, 160.48, 1.7997
PHY_109, 194.12, 160.48, 1.79972
PHY_111, 194.12, 160.48, 1.79972
FILLER_0_54_401, 194.12, 160.48, 1.79972
FILLER_0_55_51, 34.64, 160.48, 1.7997
FILLER_0_56_77, 34.64, 160.48, 1.7997
FILLER_0_55_105, 47.44, 160.48, 1.79971
FILLER_0_54_133, 73.04, 160.48, 1.79971
FILLER_0_55_161, 85.84, 160.48, 1.79971
FILLER_0_54_189, 98.64, 160.48, 1.79971
FILLER_0_55_217, 111.44, 160.48, 1.79971
FILLER_0_54_245, 124.24, 160.48, 1.79971
FILLER_0_55_273, 137.04, 160.48, 1.79971
FILLER_0_54_301, 149.84, 160.48, 1.79971
FILLER_0_55_329, 162.64, 160.48, 1.79972
FILLER_0_55_385, 184.78, 160.48, 1.79972
PHY_104, 5.52, 155.04, 1.7997
PHY_106, 5.52, 155.04, 1.7997
PHY_105, 194.12, 155.04, 1.79972
PHY_107, 194.12, 155.04, 1.79972
FILLER_0_52_401, 194.12, 155.04, 1.79972
FILLER_0_53_51, 34.64, 155.04, 1.79971
FILLER_0_54_77, 34.64, 155.04, 1.79971
FILLER_0_53_105, 47.44, 155.04, 1.79971
FILLER_0_52_133, 73.04, 155.04, 1.79971
FILLER_0_53_161, 85.84, 155.04, 1.79971
FILLER_0_52_189, 98.64, 155.04, 1.79971
FILLER_0_53_217, 111.44, 155.04, 1.79971
FILLER_0_52_245, 124.24, 155.04, 1.79971
FILLER_0_53_273, 137.04, 155.04, 1.79971
FILLER_0_52_301, 149.84, 155.04, 1.79972
FILLER_0_53_329, 162.64, 155.04, 1.79972
FILLER_0_53_385, 184.78, 155.04, 1.79972
PHY_100, 5.52, 149.6, 1.7997
PHY_102, 5.52, 149.6, 1.7997
PHY_101, 194.12, 149.6, 1.79972
PHY_103, 194.12, 149.6, 1.79972
FILLER_0_50_401, 194.12, 149.6, 1.79972
FILLER_0_51_51, 34.64, 149.6, 1.79971
FILLER_0_52_77, 34.64, 149.6, 1.79971
FILLER_0_51_105, 47.44, 149.6, 1.79971
FILLER_0_50_133, 73.04, 149.6, 1.79971
FILLER_0_51_161, 85.84, 149.6, 1.79971
FILLER_0_50_189, 98.64, 149.6, 1.79971
FILLER_0_51_217, 111.44, 149.6, 1.79971
FILLER_0_50_245, 124.24, 149.6, 1.79971
FILLER_0_51_273, 137.04, 149.6, 1.79972
FILLER_0_50_301, 149.84, 149.6, 1.79972
FILLER_0_51_329, 162.64, 149.6, 1.79972
FILLER_0_51_385, 184.78, 149.6, 1.79972
PHY_96, 5.52, 144.16, 1.7997
PHY_98, 5.52, 144.16, 1.7997
PHY_97, 194.12, 144.16, 1.79972
PHY_99, 194.12, 144.16, 1.79972
FILLER_0_48_401, 194.12, 144.16, 1.79972
FILLER_0_49_51, 34.64, 144.16, 1.79971
FILLER_0_50_77, 34.64, 144.16, 1.79971
FILLER_0_49_105, 47.44, 144.16, 1.79971
FILLER_0_48_133, 73.04, 144.16, 1.79971
FILLER_0_49_161, 85.84, 144.16, 1.79971
FILLER_0_48_189, 98.64, 144.16, 1.79971
FILLER_0_49_217, 111.44, 144.16, 1.79971
FILLER_0_48_245, 124.24, 144.16, 1.79972
FILLER_0_49_273, 137.04, 144.16, 1.79972
FILLER_0_48_301, 149.84, 144.16, 1.79972
FILLER_0_49_329, 162.64, 144.16, 1.79972
FILLER_0_49_385, 184.78, 144.16, 1.79972
PHY_92, 5.52, 138.72, 1.7997
PHY_94, 5.52, 138.72, 1.7997
PHY_93, 194.12, 138.72, 1.79972
PHY_95, 194.12, 138.72, 1.79972
FILLER_0_46_401, 194.12, 138.72, 1.79972
FILLER_0_47_51, 34.64, 138.72, 1.79971
FILLER_0_48_77, 34.64, 138.72, 1.79971
FILLER_0_47_105, 47.44, 138.72, 1.79971
FILLER_0_46_133, 73.04, 138.72, 1.79971
FILLER_0_47_161, 85.84, 138.72, 1.79971
FILLER_0_46_189, 98.64, 138.72, 1.79971
FILLER_0_47_217, 111.44, 138.72, 1.79971
FILLER_0_46_245, 124.24, 138.72, 1.79972
FILLER_0_47_273, 137.04, 138.72, 1.79972
FILLER_0_46_301, 149.84, 138.72, 1.79972
FILLER_0_47_329, 162.64, 138.72, 1.79972
FILLER_0_47_385, 184.78, 138.72, 1.79972
PHY_88, 5.52, 133.28, 1.7997
PHY_90, 5.52, 133.28, 1.7997
PHY_89, 194.12, 133.28, 1.79972
PHY_91, 194.12, 133.28, 1.79972
FILLER_0_44_401, 194.12, 133.28, 1.79972
FILLER_0_45_51, 34.64, 133.28, 1.79971
FILLER_0_46_77, 34.64, 133.28, 1.79971
FILLER_0_45_105, 47.44, 133.28, 1.79971
FILLER_0_44_133, 73.04, 133.28, 1.79971
FILLER_0_45_161, 85.84, 133.28, 1.79971
FILLER_0_44_189, 98.64, 133.28, 1.79971
FILLER_0_45_217, 111.44, 133.28, 1.79972
FILLER_0_44_245, 124.24, 133.28, 1.79972
FILLER_0_45_273, 137.04, 133.28, 1.79972
FILLER_0_44_301, 149.84, 133.28, 1.79972
FILLER_0_45_329, 162.64, 133.28, 1.79972
FILLER_0_45_385, 184.78, 133.28, 1.79972
PHY_84, 5.52, 127.84, 1.7997
PHY_86, 5.52, 127.84, 1.7997
PHY_85, 194.12, 127.84, 1.79972
PHY_87, 194.12, 127.84, 1.79972
FILLER_0_42_401, 194.12, 127.84, 1.79972
FILLER_0_43_51, 34.64, 127.84, 1.79971
FILLER_0_44_77, 34.64, 127.84, 1.79971
FILLER_0_43_105, 47.44, 127.84, 1.79971
FILLER_0_42_133, 73.04, 127.84, 1.79971
FILLER_0_43_161, 85.84, 127.84, 1.79971
FILLER_0_42_189, 98.64, 127.84, 1.79971
FILLER_0_43_217, 111.44, 127.84, 1.79972
FILLER_0_42_245, 124.24, 127.84, 1.79972
FILLER_0_43_273, 137.04, 127.84, 1.79972
FILLER_0_42_301, 149.84, 127.84, 1.79972
FILLER_0_43_329, 162.64, 127.84, 1.79972
FILLER_0_43_385, 184.78, 127.84, 1.79972
PHY_80, 5.52, 122.4, 1.7997
PHY_82, 5.52, 122.4, 1.7997
input3, 5.52, 122.4, 1.7997
PHY_81, 194.12, 122.4, 1.79973
PHY_83, 194.12, 122.4, 1.79973
FILLER_0_40_401, 194.12, 122.4, 1.79973
FILLER_0_42_19, 13.68, 122.4, 1.7997
FILLER_0_41_51, 34.64, 122.4, 1.79971
FILLER_0_42_77, 34.64, 122.4, 1.79971
FILLER_0_41_105, 47.44, 122.4, 1.79971
FILLER_0_40_133, 73.04, 122.4, 1.79971
FILLER_0_41_161, 85.84, 122.4, 1.79971
FILLER_0_40_189, 98.64, 122.4, 1.79971
FILLER_0_41_217, 111.44, 122.4, 1.79972
FILLER_0_40_245, 124.24, 122.4, 1.79972
FILLER_0_41_273, 137.04, 122.4, 1.79972
FILLER_0_40_301, 149.84, 122.4, 1.79972
FILLER_0_41_329, 162.64, 122.4, 1.79972
FILLER_0_41_385, 184.78, 122.4, 1.79973
PHY_76, 5.52, 116.96, 1.7997
PHY_78, 5.52, 116.96, 1.7997
PHY_77, 194.12, 116.96, 1.79973
PHY_79, 194.12, 116.96, 1.79973
FILLER_0_38_401, 194.12, 116.96, 1.79973
FILLER_0_39_51, 34.64, 116.96, 1.79971
FILLER_0_40_77, 34.64, 116.96, 1.79971
FILLER_0_39_105, 47.44, 116.96, 1.79971
FILLER_0_38_133, 73.04, 116.96, 1.79971
FILLER_0_39_161, 85.84, 116.96, 1.79971
FILLER_0_38_189, 98.64, 116.96, 1.79972
FILLER_0_39_217, 111.44, 116.96, 1.79972
FILLER_0_38_245, 124.24, 116.96, 1.79972
FILLER_0_39_273, 137.04, 116.96, 1.79972
FILLER_0_38_301, 149.84, 116.96, 1.79972
FILLER_0_39_329, 162.64, 116.96, 1.79973
FILLER_0_39_385, 184.78, 116.96, 1.79973
PHY_72, 5.52, 111.52, 1.7997
PHY_74, 5.52, 111.52, 1.7997
PHY_73, 194.12, 111.52, 1.79973
PHY_75, 194.12, 111.52, 1.79973
FILLER_0_36_401, 194.12, 111.52, 1.79973
FILLER_0_37_51, 34.64, 111.52, 1.79971
FILLER_0_38_77, 34.64, 111.52, 1.79971
FILLER_0_37_105, 47.44, 111.52, 1.79971
FILLER_0_36_133, 73.04, 111.52, 1.79971
FILLER_0_37_161, 85.84, 111.52, 1.79971
FILLER_0_36_189, 98.64, 111.52, 1.79972
FILLER_0_37_217, 111.44, 111.52, 1.79972
FILLER_0_36_245, 124.24, 111.52, 1.79972
FILLER_0_37_273, 137.04, 111.52, 1.79972
FILLER_0_36_301, 149.84, 111.52, 1.79973
FILLER_0_37_329, 162.64, 111.52, 1.79973
FILLER_0_37_385, 184.78, 111.52, 1.79973
PHY_68, 5.52, 106.08, 1.7997
PHY_70, 5.52, 106.08, 1.7997
PHY_69, 194.12, 106.08, 1.79973
PHY_71, 194.12, 106.08, 1.79973
FILLER_0_34_401, 194.12, 106.08, 1.79973
FILLER_0_35_51, 34.64, 106.08, 1.79971
FILLER_0_36_77, 34.64, 106.08, 1.79971
FILLER_0_35_105, 47.44, 106.08, 1.79971
FILLER_0_34_133, 73.04, 106.08, 1.79971
FILLER_0_35_161, 85.84, 106.08, 1.79972
FILLER_0_34_189, 98.64, 106.08, 1.79972
FILLER_0_35_217, 111.44, 106.08, 1.79972
FILLER_0_34_245, 124.24, 106.08, 1.79972
FILLER_0_35_273, 137.04, 106.08, 1.79972
FILLER_0_34_301, 149.84, 106.08, 1.79973
FILLER_0_35_329, 162.64, 106.08, 1.79973
FILLER_0_35_385, 184.78, 106.08, 1.79973
PHY_64, 5.52, 100.64, 1.7997
PHY_66, 5.52, 100.64, 1.7997
PHY_65, 194.12, 100.64, 1.79973
PHY_67, 194.12, 100.64, 1.79973
FILLER_0_32_401, 194.12, 100.64, 1.79973
FILLER_0_33_51, 34.64, 100.64, 1.79971
FILLER_0_34_77, 34.64, 100.64, 1.79971
FILLER_0_33_105, 47.44, 100.64, 1.79971
FILLER_0_32_133, 73.04, 100.64, 1.79971
FILLER_0_33_161, 85.84, 100.64, 1.79972
FILLER_0_32_189, 98.64, 100.64, 1.79972
FILLER_0_33_217, 111.44, 100.64, 1.79972
FILLER_0_32_245, 124.24, 100.64, 1.79972
FILLER_0_33_273, 137.04, 100.64, 1.79973
FILLER_0_32_301, 149.84, 100.64, 1.79973
FILLER_0_33_329, 162.64, 100.64, 1.79973
FILLER_0_33_385, 184.78, 100.64, 1.79973
PHY_60, 5.52, 95.2, 1.7997
PHY_62, 5.52, 95.2, 1.7997
PHY_61, 194.12, 95.2, 1.79973
PHY_63, 194.12, 95.2, 1.79973
FILLER_0_30_401, 194.12, 95.2, 1.79973
FILLER_0_31_51, 34.64, 95.2, 1.79971
FILLER_0_32_77, 34.64, 95.2, 1.79971
FILLER_0_31_105, 47.44, 95.2, 1.79971
FILLER_0_30_133, 73.04, 95.2, 1.79971
FILLER_0_31_161, 85.84, 95.2, 1.79972
FILLER_0_30_189, 98.64, 95.2, 1.79972
FILLER_0_31_217, 111.44, 95.2, 1.79972
FILLER_0_30_245, 124.24, 95.2, 1.79972
FILLER_0_31_273, 137.04, 95.2, 1.79973
FILLER_0_30_301, 149.84, 95.2, 1.79973
FILLER_0_31_329, 162.64, 95.2, 1.79973
FILLER_0_31_385, 184.78, 95.2, 1.79973
PHY_56, 5.52, 89.76, 1.7997
PHY_58, 5.52, 89.76, 1.7997
PHY_57, 194.12, 89.76, 1.79974
PHY_59, 194.12, 89.76, 1.79974
FILLER_0_28_401, 194.12, 89.76, 1.79974
FILLER_0_29_51, 34.64, 89.76, 1.79971
FILLER_0_30_77, 34.64, 89.76, 1.79971
FILLER_0_29_105, 47.44, 89.76, 1.79971
FILLER_0_28_133, 73.04, 89.76, 1.79971
FILLER_0_29_161, 85.84, 89.76, 1.79972
FILLER_0_28_189, 98.64, 89.76, 1.79972
FILLER_0_29_217, 111.44, 89.76, 1.79972
FILLER_0_28_245, 124.24, 89.76, 1.79973
FILLER_0_29_273, 137.04, 89.76, 1.79973
FILLER_0_28_301, 149.84, 89.76, 1.79973
FILLER_0_29_329, 162.64, 89.76, 1.79973
FILLER_0_29_385, 184.78, 89.76, 1.79974
PHY_52, 5.52, 84.32, 1.7997
PHY_54, 5.52, 84.32, 1.7997
PHY_53, 194.12, 84.32, 1.79974
PHY_55, 194.12, 84.32, 1.79974
FILLER_0_26_401, 194.12, 84.32, 1.79974
FILLER_0_27_51, 34.64, 84.32, 1.7997
FILLER_0_28_77, 34.64, 84.32, 1.7997
FILLER_0_27_105, 47.44, 84.32, 1.79971
FILLER_0_26_133, 73.04, 84.32, 1.79971
FILLER_0_27_161, 85.84, 84.32, 1.79972
FILLER_0_26_189, 98.64, 84.32, 1.79972
FILLER_0_27_217, 111.44, 84.32, 1.79972
FILLER_0_26_245, 124.24, 84.32, 1.79973
FILLER_0_27_273, 137.04, 84.32, 1.79973
FILLER_0_26_301, 149.84, 84.32, 1.79973
FILLER_0_27_329, 162.64, 84.32, 1.79974
FILLER_0_27_385, 184.78, 84.32, 1.79974
PHY_48, 5.52, 78.88, 1.7997
PHY_50, 5.52, 78.88, 1.7997
PHY_49, 194.12, 78.88, 1.79974
PHY_51, 194.12, 78.88, 1.79974
FILLER_0_24_401, 194.12, 78.88, 1.79974
FILLER_0_25_51, 34.64, 78.88, 1.7997
FILLER_0_26_77, 34.64, 78.88, 1.7997
FILLER_0_25_105, 47.44, 78.88, 1.79969
FILLER_0_24_133, 73.04, 78.88, 1.79969
FILLER_0_25_161, 85.84, 78.88, 1.79969
FILLER_0_24_189, 98.64, 78.88, 1.79969
_112_, 111.44, 78.88, 1.79968
_222_, 111.44, 78.88, 1.79968
_223_, 111.44, 78.88, 1.79968
hold22, 111.44, 78.88, 1.79968
FILLER_0_25_217, 111.44, 78.88, 1.79968
FILLER_0_25_225, 111.44, 78.88, 1.79968
FILLER_0_25_238, 111.44, 78.88, 1.79968
_114_, 124.24, 78.88, 1.79969
FILLER_0_24_247, 124.24, 78.88, 1.79969
FILLER_0_25_274, 137.04, 78.88, 1.7997
FILLER_0_25_329, 162.64, 78.88, 1.79973
FILLER_0_25_385, 184.78, 78.88, 1.79974
PHY_44, 5.52, 73.44, 1.79968
PHY_46, 5.52, 73.44, 1.79968
PHY_45, 194.12, 73.44, 1.79971
PHY_47, 194.12, 73.44, 1.79971
FILLER_0_22_401, 194.12, 73.44, 1.79971
FILLER_0_23_51, 34.64, 73.44, 1.79966
FILLER_0_24_77, 34.64, 73.44, 1.79966
FILLER_0_23_105, 47.44, 73.44, 1.79963
FILLER_0_22_133, 73.04, 73.44, 1.79959
FILLER_0_23_161, 85.84, 73.44, 1.79956
FILLER_0_23_181, 85.84, 73.44, 1.79956
_212_, 98.64, 73.44, 1.79954
_213_, 98.64, 73.44, 1.79954
_221_, 98.64, 73.44, 1.79954
_255_, 98.64, 73.44, 1.79954
FILLER_0_22_189, 98.64, 73.44, 1.79954
FILLER_0_23_189, 98.64, 73.44, 1.79954
FILLER_0_23_195, 98.64, 73.44, 1.79954
FILLER_0_24_214, 98.64, 73.44, 1.79954
_113_, 111.44, 73.44, 1.79954
_210_, 111.44, 73.44, 1.79954
_211_, 111.44, 73.44, 1.79954
_220_, 111.44, 73.44, 1.79954
hold23, 111.44, 73.44, 1.79954
FILLER_0_23_234, 111.44, 73.44, 1.79954
_118_, 124.24, 73.44, 1.79955
_123_, 124.24, 73.44, 1.79955
hold18, 124.24, 73.44, 1.79955
hold21, 124.24, 73.44, 1.79955
_226_, 137.04, 73.44, 1.79958
FILLER_0_23_329, 162.64, 73.44, 1.79967
FILLER_0_23_385, 184.78, 73.44, 1.79971
PHY_40, 5.52, 68, 1.79967
PHY_42, 5.52, 68, 1.79967
PHY_41, 194.12, 68, 1.7997
PHY_43, 194.12, 68, 1.7997
FILLER_0_20_401, 194.12, 68, 1.7997
FILLER_0_21_51, 34.64, 68, 1.79963
FILLER_0_22_77, 34.64, 68, 1.79963
FILLER_0_21_105, 47.44, 68, 1.7996
FILLER_0_20_133, 73.04, 68, 1.79952
FILLER_0_21_161, 85.84, 68, 1.79949
FILLER_0_21_181, 85.84, 68, 1.79949
_116_, 98.64, 68, 1.79945
_251_, 98.64, 68, 1.79945
_256_, 98.64, 68, 1.79945
hold26, 98.64, 68, 1.79945
FILLER_0_20_189, 98.64, 68, 1.79945
FILLER_0_22_206, 98.64, 68, 1.79945
_117_, 111.44, 68, 1.79944
_249_, 111.44, 68, 1.79944
_250_, 111.44, 68, 1.79944
FILLER_0_21_218, 111.44, 68, 1.79944
FILLER_0_21_232, 111.44, 68, 1.79944
_122_, 124.24, 68, 1.79946
_224_, 124.24, 68, 1.79946
_225_, 124.24, 68, 1.79946
FILLER_0_20_253, 124.24, 68, 1.79946
_134_, 137.04, 68, 1.79951
_135_, 137.04, 68, 1.79951
hold24, 137.04, 68, 1.79951
FILLER_0_20_305, 149.84, 68, 1.79957
FILLER_0_21_328, 162.64, 68, 1.79964
FILLER_0_21_385, 184.78, 68, 1.7997
PHY_36, 5.52, 62.56, 1.79967
PHY_38, 5.52, 62.56, 1.79967
input6, 5.52, 62.56, 1.79967
PHY_37, 194.12, 62.56, 1.7997
PHY_39, 194.12, 62.56, 1.7997
FILLER_0_18_401, 194.12, 62.56, 1.7997
FILLER_0_20_77, 34.64, 62.56, 1.79963
FILLER_0_19_105, 47.44, 62.56, 1.79959
FILLER_0_18_133, 73.04, 62.56, 1.79952
FILLER_0_19_161, 85.84, 62.56, 1.79948
_115_, 98.64, 62.56, 1.79944
_218_, 98.64, 62.56, 1.79944
_219_, 98.64, 62.56, 1.79944
_253_, 98.64, 62.56, 1.79944
_254_, 98.64, 62.56, 1.79944
hold20, 98.64, 62.56, 1.79944
FILLER_0_19_193, 98.64, 62.56, 1.79944
FILLER_0_20_204, 98.64, 62.56, 1.79944
_127_, 111.44, 62.56, 1.79943
_208_, 111.44, 62.56, 1.79943
_209_, 111.44, 62.56, 1.79943
_216_, 111.44, 62.56, 1.79943
_217_, 111.44, 62.56, 1.79943
FILLER_0_18_217, 111.44, 62.56, 1.79943
FILLER_0_20_235, 111.44, 62.56, 1.79943
_125_, 124.24, 62.56, 1.79945
_126_, 124.24, 62.56, 1.79945
_128_, 124.24, 62.56, 1.79945
_143_, 124.24, 62.56, 1.79945
fanout16, 124.24, 62.56, 1.79945
_120_, 137.04, 62.56, 1.79947
_121_, 137.04, 62.56, 1.79947
_129_, 137.04, 62.56, 1.79947
_227_, 137.04, 62.56, 1.79947
FILLER_0_19_281, 137.04, 62.56, 1.79947
FILLER_0_20_297, 137.04, 62.56, 1.79947
FILLER_0_19_333, 162.64, 62.56, 1.79963
FILLER_0_19_385, 184.78, 62.56, 1.7997
PHY_32, 5.52, 57.12, 1.79967
PHY_34, 5.52, 57.12, 1.79967
PHY_33, 194.12, 57.12, 1.7997
PHY_35, 194.12, 57.12, 1.7997
FILLER_0_16_401, 194.12, 57.12, 1.7997
FILLER_0_17_51, 34.64, 57.12, 1.79963
FILLER_0_18_77, 34.64, 57.12, 1.79963
FILLER_0_17_105, 47.44, 57.12, 1.79959
FILLER_0_16_133, 73.04, 57.12, 1.79951
_214_, 85.84, 57.12, 1.79947
_215_, 85.84, 57.12, 1.79947
FILLER_0_17_161, 85.84, 57.12, 1.79947
FILLER_0_17_181, 85.84, 57.12, 1.79947
FILLER_0_18_177, 85.84, 57.12, 1.79947
_252_, 98.64, 57.12, 1.79943
fanout13, 98.64, 57.12, 1.79943
hold25, 98.64, 57.12, 1.79943
FILLER_0_16_189, 98.64, 57.12, 1.79943
FILLER_0_16_197, 98.64, 57.12, 1.79943
_200_, 111.44, 57.12, 1.79942
_202_, 111.44, 57.12, 1.79942
_248_, 111.44, 57.12, 1.79942
hold19, 111.44, 57.12, 1.79942
FILLER_0_17_217, 111.44, 57.12, 1.79942
FILLER_0_18_239, 111.44, 57.12, 1.79942
_131_, 124.24, 57.12, 1.79942
_132_, 124.24, 57.12, 1.79942
_147_, 124.24, 57.12, 1.79942
_199_, 124.24, 57.12, 1.79942
_206_, 124.24, 57.12, 1.79942
hold1, 124.24, 57.12, 1.79942
_124_, 137.04, 57.12, 1.79945
_130_, 137.04, 57.12, 1.79945
_148_, 137.04, 57.12, 1.79945
_150_, 137.04, 57.12, 1.79945
_153_, 137.04, 57.12, 1.79945
_229_, 137.04, 57.12, 1.79945
_119_, 149.84, 57.12, 1.79952
_140_, 149.84, 57.12, 1.79952
FILLER_0_16_305, 149.84, 57.12, 1.79952
FILLER_0_17_326, 149.84, 57.12, 1.79952
FILLER_0_17_385, 184.78, 57.12, 1.7997
PHY_28, 5.52, 51.68, 1.79968
PHY_30, 5.52, 51.68, 1.79968
PHY_29, 194.12, 51.68, 1.79971
PHY_31, 194.12, 51.68, 1.79971
FILLER_0_14_401, 194.12, 51.68, 1.79971
FILLER_0_15_51, 34.64, 51.68, 1.79964
FILLER_0_16_77, 34.64, 51.68, 1.79964
FILLER_0_15_105, 47.44, 51.68, 1.7996
FILLER_0_14_133, 73.04, 51.68, 1.79951
FILLER_0_15_161, 85.84, 51.68, 1.79947
_246_, 98.64, 51.68, 1.79943
FILLER_0_14_189, 98.64, 51.68, 1.79943
FILLER_0_16_209, 98.64, 51.68, 1.79943
_201_, 111.44, 51.68, 1.7994
_204_, 111.44, 51.68, 1.7994
_247_, 111.44, 51.68, 1.7994
hold17, 111.44, 51.68, 1.7994
_133_, 124.24, 51.68, 1.79937
_144_, 124.24, 51.68, 1.79937
_146_, 124.24, 51.68, 1.79937
_207_, 124.24, 51.68, 1.79937
clkbuf_0_clk, 124.24, 51.68, 1.79937
FILLER_0_14_248, 124.24, 51.68, 1.79937
_145_, 137.04, 51.68, 1.79942
_149_, 137.04, 51.68, 1.79942
_151_, 137.04, 51.68, 1.79942
_152_, 137.04, 51.68, 1.79942
_228_, 137.04, 51.68, 1.79942
hold2, 149.84, 51.68, 1.79952
FILLER_0_14_303, 149.84, 51.68, 1.79952
FILLER_0_15_385, 184.78, 51.68, 1.79971
PHY_24, 5.52, 46.24, 1.79968
PHY_26, 5.52, 46.24, 1.79968
PHY_25, 194.12, 46.24, 1.79973
PHY_27, 194.12, 46.24, 1.79973
FILLER_0_12_401, 194.12, 46.24, 1.79973
FILLER_0_13_51, 34.64, 46.24, 1.79962
FILLER_0_14_77, 34.64, 46.24, 1.79962
FILLER_0_13_105, 47.44, 46.24, 1.79957
FILLER_0_12_133, 73.04, 46.24, 1.79946
FILLER_0_13_161, 85.84, 46.24, 1.79941
clkbuf_2_1__f_clk, 98.64, 46.24, 1.79936
FILLER_0_12_189, 98.64, 46.24, 1.79936
FILLER_0_14_209, 98.64, 46.24, 1.79936
_183_, 111.44, 46.24, 1.79935
_203_, 111.44, 46.24, 1.79935
_239_, 111.44, 46.24, 1.79935
_240_, 111.44, 46.24, 1.79935
hold16, 111.44, 46.24, 1.79935
FILLER_0_13_217, 111.44, 46.24, 1.79935
FILLER_0_13_225, 111.44, 46.24, 1.79935
FILLER_0_13_233, 111.44, 46.24, 1.79935
_142_, 124.24, 46.24, 1.79936
_154_, 124.24, 46.24, 1.79936
_185_, 124.24, 46.24, 1.79936
_186_, 124.24, 46.24, 1.79936
_197_, 124.24, 46.24, 1.79936
_198_, 124.24, 46.24, 1.79936
_205_, 124.24, 46.24, 1.79936
_237_, 124.24, 46.24, 1.79936
clkbuf_2_3__f_clk, 124.24, 46.24, 1.79936
_141_, 137.04, 46.24, 1.79942
_155_, 137.04, 46.24, 1.79942
_180_, 137.04, 46.24, 1.79942
_181_, 137.04, 46.24, 1.79942
_182_, 137.04, 46.24, 1.79942
_238_, 137.04, 46.24, 1.79942
hold4, 137.04, 46.24, 1.79942
_179_, 149.84, 46.24, 1.79952
FILLER_0_12_303, 149.84, 46.24, 1.79952
FILLER_0_13_330, 162.64, 46.24, 1.79962
FILLER_0_14_353, 162.64, 46.24, 1.79962
FILLER_0_13_385, 184.78, 46.24, 1.79973
PHY_20, 5.52, 40.8, 1.79973
PHY_22, 5.52, 40.8, 1.79973
PHY_21, 194.12, 40.8, 1.79981
PHY_23, 194.12, 40.8, 1.79981
input10, 194.12, 40.8, 1.79981
FILLER_0_10_401, 194.12, 40.8, 1.79981
FILLER_0_11_51, 34.64, 40.8, 1.79972
FILLER_0_12_77, 34.64, 40.8, 1.79972
FILLER_0_11_105, 47.44, 40.8, 1.79972
FILLER_0_10_133, 73.04, 40.8, 1.79972
FILLER_0_11_161, 85.84, 40.8, 1.79971
FILLER_0_10_189, 98.64, 40.8, 1.79971
FILLER_0_12_209, 98.64, 40.8, 1.79971
_184_, 111.44, 40.8, 1.79971
_245_, 111.44, 40.8, 1.79971
hold12, 111.44, 40.8, 1.79971
FILLER_0_11_217, 111.44, 40.8, 1.79971
_177_, 124.24, 40.8, 1.79971
_195_, 124.24, 40.8, 1.79971
_236_, 124.24, 40.8, 1.79971
_173_, 137.04, 40.8, 1.79973
_176_, 137.04, 40.8, 1.79973
_178_, 137.04, 40.8, 1.79973
_235_, 137.04, 40.8, 1.79973
hold7, 137.04, 40.8, 1.79973
_172_, 149.84, 40.8, 1.79976
_174_, 149.84, 40.8, 1.79976
FILLER_0_10_304, 149.84, 40.8, 1.79976
FILLER_0_11_333, 162.64, 40.8, 1.79978
FILLER_0_11_385, 184.78, 40.8, 1.79981
FILLER_0_11_393, 184.78, 40.8, 1.79981
PHY_16, 5.52, 35.36, 1.7997
PHY_18, 5.52, 35.36, 1.7997
PHY_17, 194.12, 35.36, 1.79979
PHY_19, 194.12, 35.36, 1.79979
FILLER_0_8_401, 194.12, 35.36, 1.79979
FILLER_0_9_51, 34.64, 35.36, 1.79966
FILLER_0_10_77, 34.64, 35.36, 1.79966
FILLER_0_9_105, 47.44, 35.36, 1.79962
FILLER_0_8_133, 73.04, 35.36, 1.79953
FILLER_0_9_161, 85.84, 35.36, 1.79948
_187_, 98.64, 35.36, 1.79944
_194_, 98.64, 35.36, 1.79944
clkbuf_2_0__f_clk, 98.64, 35.36, 1.79944
FILLER_0_8_189, 98.64, 35.36, 1.79944
FILLER_0_8_197, 98.64, 35.36, 1.79944
FILLER_0_9_205, 98.64, 35.36, 1.79944
FILLER_0_10_209, 98.64, 35.36, 1.79944
_138_, 111.44, 35.36, 1.79944
_139_, 111.44, 35.36, 1.79944
_188_, 111.44, 35.36, 1.79944
_193_, 111.44, 35.36, 1.79944
_196_, 111.44, 35.36, 1.79944
fanout14, 111.44, 35.36, 1.79944
hold8, 111.44, 35.36, 1.79944
hold9, 111.44, 35.36, 1.79944
hold13, 111.44, 35.36, 1.79944
_156_, 124.24, 35.36, 1.79944
_157_, 124.24, 35.36, 1.79944
_158_, 124.24, 35.36, 1.79944
_189_, 124.24, 35.36, 1.79944
_191_, 124.24, 35.36, 1.79944
clkbuf_2_2__f_clk, 124.24, 35.36, 1.79944
FILLER_0_9_270, 124.24, 35.36, 1.79944
_137_, 137.04, 35.36, 1.79951
_162_, 137.04, 35.36, 1.79951
_163_, 137.04, 35.36, 1.79951
_166_, 137.04, 35.36, 1.79951
_169_, 137.04, 35.36, 1.79951
_170_, 137.04, 35.36, 1.79951
_175_, 137.04, 35.36, 1.79951
_234_, 137.04, 35.36, 1.79951
hold15, 137.04, 35.36, 1.79951
_171_, 149.84, 35.36, 1.79959
hold3, 149.84, 35.36, 1.79959
FILLER_0_8_304, 149.84, 35.36, 1.79959
FILLER_0_9_330, 162.64, 35.36, 1.79969
FILLER_0_9_385, 184.78, 35.36, 1.79979
PHY_12, 5.52, 29.92, 1.79973
PHY_14, 5.52, 29.92, 1.79973
PHY_13, 194.12, 29.92, 1.79983
PHY_15, 194.12, 29.92, 1.79983
FILLER_0_6_401, 194.12, 29.92, 1.79983
FILLER_0_7_51, 34.64, 29.92, 1.7997
FILLER_0_8_77, 34.64, 29.92, 1.7997
FILLER_0_7_105, 47.44, 29.92, 1.79967
FILLER_0_6_133, 73.04, 29.92, 1.79962
FILLER_0_7_161, 85.84, 29.92, 1.79959
_241_, 98.64, 29.92, 1.79956
_244_, 98.64, 29.92, 1.79956
FILLER_0_6_189, 98.64, 29.92, 1.79956
FILLER_0_7_193, 98.64, 29.92, 1.79956
FILLER_0_7_201, 98.64, 29.92, 1.79956
_192_, 111.44, 29.92, 1.79955
_242_, 111.44, 29.92, 1.79955
_243_, 111.44, 29.92, 1.79955
hold11, 111.44, 29.92, 1.79955
hold14, 111.44, 29.92, 1.79955
FILLER_0_6_221, 111.44, 29.92, 1.79955
_164_, 124.24, 29.92, 1.79955
_230_, 124.24, 29.92, 1.79955
_232_, 124.24, 29.92, 1.79955
fanout15, 124.24, 29.92, 1.79955
FILLER_0_6_249, 124.24, 29.92, 1.79955
_136_, 137.04, 29.92, 1.79959
_160_, 137.04, 29.92, 1.79959
_167_, 137.04, 29.92, 1.79959
_231_, 137.04, 29.92, 1.79959
_233_, 137.04, 29.92, 1.79959
hold5, 137.04, 29.92, 1.79959
_168_, 149.84, 29.92, 1.79967
FILLER_0_7_333, 162.64, 29.92, 1.79975
FILLER_0_7_385, 184.78, 29.92, 1.79983
PHY_8, 5.52, 24.48, 1.79976
PHY_10, 5.52, 24.48, 1.79976
PHY_9, 194.12, 24.48, 1.79989
PHY_11, 194.12, 24.48, 1.79989
FILLER_0_4_401, 194.12, 24.48, 1.79989
FILLER_0_5_51, 34.64, 24.48, 1.79977
FILLER_0_6_77, 34.64, 24.48, 1.79977
FILLER_0_5_105, 47.44, 24.48, 1.79977
FILLER_0_4_133, 73.04, 24.48, 1.79978
FILLER_0_5_161, 85.84, 24.48, 1.79979
FILLER_0_4_189, 98.64, 24.48, 1.79979
_190_, 111.44, 24.48, 1.7998
FILLER_0_5_217, 111.44, 24.48, 1.7998
FILLER_0_5_225, 111.44, 24.48, 1.7998
_161_, 124.24, 24.48, 1.7998
FILLER_0_4_245, 124.24, 24.48, 1.7998
FILLER_0_5_259, 124.24, 24.48, 1.7998
FILLER_0_5_267, 124.24, 24.48, 1.7998
_159_, 137.04, 24.48, 1.79981
_165_, 137.04, 24.48, 1.79981
hold6, 137.04, 24.48, 1.79981
hold10, 137.04, 24.48, 1.79981
FILLER_0_4_277, 137.04, 24.48, 1.79981
FILLER_0_5_291, 137.04, 24.48, 1.79981
FILLER_0_5_385, 184.78, 24.48, 1.79989
PHY_4, 5.52, 19.04, 1.79977
PHY_6, 5.52, 19.04, 1.79977
PHY_5, 194.12, 19.04, 1.7999
PHY_7, 194.12, 19.04, 1.7999
FILLER_0_2_401, 194.12, 19.04, 1.7999
FILLER_0_3_51, 34.64, 19.04, 1.79978
FILLER_0_4_77, 34.64, 19.04, 1.79978
FILLER_0_3_105, 47.44, 19.04, 1.79979
FILLER_0_2_133, 73.04, 19.04, 1.79981
FILLER_0_3_161, 85.84, 19.04, 1.79982
FILLER_0_2_189, 98.64, 19.04, 1.79983
FILLER_0_3_217, 111.44, 19.04, 1.79984
FILLER_0_2_245, 124.24, 19.04, 1.79985
FILLER_0_3_273, 137.04, 19.04, 1.79987
FILLER_0_4_299, 137.04, 19.04, 1.79987
FILLER_0_2_301, 149.84, 19.04, 1.79988
FILLER_0_3_329, 162.64, 19.04, 1.79989
FILLER_0_3_385, 184.78, 19.04, 1.7999
PHY_0, 5.52, 13.6, 1.79976
PHY_2, 5.52, 13.6, 1.79976
input4, 5.52, 13.6, 1.79976
PHY_1, 194.12, 13.6, 1.7999
PHY_3, 194.12, 13.6, 1.7999
FILLER_0_0_19, 13.68, 13.6, 1.79976
FILLER_0_0_53, 34.64, 13.6, 1.79977
FILLER_0_1_51, 34.64, 13.6, 1.79977
FILLER_0_2_77, 34.64, 13.6, 1.79977
FILLER_0_0_81, 47.44, 13.6, 1.79979
FILLER_0_1_105, 47.44, 13.6, 1.79979
input9, 60.24, 13.6, 1.7998
FILLER_0_0_109, 60.24, 13.6, 1.7998
FILLER_0_0_131, 60.24, 13.6, 1.7998
FILLER_0_0_165, 85.84, 13.6, 1.79982
FILLER_0_1_161, 85.84, 13.6, 1.79982
FILLER_0_0_193, 98.64, 13.6, 1.79983
FILLER_0_0_221, 111.44, 13.6, 1.79984
FILLER_0_0_237, 111.44, 13.6, 1.79984
FILLER_0_1_217, 111.44, 13.6, 1.79984
input1, 124.24, 13.6, 1.79985
FILLER_0_0_245, 124.24, 13.6, 1.79985
FILLER_0_0_277, 137.04, 13.6, 1.79986
FILLER_0_1_273, 137.04, 13.6, 1.79986
FILLER_0_0_305, 149.84, 13.6, 1.79987
FILLER_0_0_333, 162.64, 13.6, 1.79989
FILLER_0_1_329, 162.64, 13.6, 1.79989
FILLER_0_1_385, 184.78, 13.6, 1.7999

