Instance name,  X location,  Y location,  Voltage 
input5, 178.74, 10.88, 0.000301803
FILLER_0_0_365, 178.74, 10.88, 0.000301803
FILLER_0_64_53, 25.14, 184.96, 0.000323145
FILLER_0_63_51, 25.14, 179.52, 0.000303185
FILLER_0_61_51, 25.14, 174.08, 0.000301197
FILLER_0_59_51, 25.14, 168.64, 0.00029917
FILLER_0_57_51, 25.14, 163.2, 0.000296971
FILLER_0_55_51, 25.14, 157.76, 0.000294714
FILLER_0_53_51, 25.14, 152.32, 0.000292347
FILLER_0_51_51, 25.14, 146.88, 0.000289859
FILLER_0_49_51, 25.14, 141.44, 0.000287238
FILLER_0_47_51, 25.14, 136, 0.000284468
FILLER_0_45_51, 25.14, 130.56, 0.000281537
FILLER_0_43_51, 25.14, 125.12, 0.000279094
FILLER_0_41_51, 25.14, 119.68, 0.000275084
FILLER_0_39_51, 25.14, 114.24, 0.000271527
FILLER_0_37_51, 25.14, 108.8, 0.000267736
FILLER_0_35_51, 25.14, 103.36, 0.000263689
FILLER_0_33_51, 25.14, 97.92, 0.000259364
FILLER_0_31_51, 25.14, 92.48, 0.000254733
FILLER_0_29_51, 25.14, 87.04, 0.000249771
FILLER_0_27_51, 25.14, 81.6, 0.000246062
FILLER_0_25_51, 25.14, 76.16, 0.000251783
FILLER_0_23_51, 25.14, 70.72, 0.000261763
FILLER_0_21_51, 25.14, 65.28, 0.000253514
FILLER_0_17_51, 25.14, 54.4, 0.000242675
FILLER_0_15_51, 25.14, 48.96, 0.000223683
FILLER_0_13_51, 25.14, 43.52, 0.000168539
FILLER_0_11_51, 25.14, 38.08, 0.000171417
FILLER_0_9_51, 25.14, 32.64, 0.000126957
FILLER_0_7_51, 25.14, 27.2, 0.000116229
FILLER_0_5_51, 25.14, 21.76, 0.000103489
FILLER_0_3_51, 25.14, 16.32, 0.000101862
FILLER_0_0_53, 25.14, 10.88, 0.000104105
FILLER_0_1_51, 25.14, 10.88, 0.000104105
PHY_126, 5.52, 184.96, 0.000343179
PHY_128, 5.52, 184.96, 0.000343179
output11, 5.52, 184.96, 0.000343179
PHY_127, 194.12, 184.96, 0.000325892
PHY_129, 194.12, 184.96, 0.000325892
FILLER_0_64_21, 15.33, 184.96, 0.000333162
FILLER_0_64_81, 37.94, 184.96, 0.000334771
output12, 50.74, 184.96, 0.000346398
FILLER_0_64_85, 50.74, 184.96, 0.000346398
FILLER_0_64_137, 63.54, 184.96, 0.000344921
FILLER_0_64_165, 76.34, 184.96, 0.000343444
FILLER_0_64_193, 89.14, 184.96, 0.000341967
FILLER_0_64_221, 101.94, 184.96, 0.00034049
input7, 114.74, 184.96, 0.000339013
FILLER_0_64_249, 114.74, 184.96, 0.000339013
FILLER_0_64_277, 127.54, 184.96, 0.000336556
FILLER_0_64_305, 140.34, 184.96, 0.0003341
FILLER_0_64_333, 153.14, 184.96, 0.000331643
input2, 165.94, 184.96, 0.000329187
FILLER_0_64_349, 165.94, 184.96, 0.000329187
FILLER_0_64_357, 165.94, 184.96, 0.000329187
FILLER_0_63_385, 186.43, 184.96, 0.000325892
FILLER_0_64_389, 186.43, 184.96, 0.000325892
PHY_122, 5.52, 179.52, 0.000303185
PHY_124, 5.52, 179.52, 0.000303185
PHY_123, 194.12, 179.52, 0.000322635
PHY_125, 194.12, 179.52, 0.000322635
FILLER_0_62_77, 37.94, 179.52, 0.000304806
FILLER_0_63_105, 50.74, 179.52, 0.000306427
FILLER_0_62_133, 63.54, 179.52, 0.000308048
FILLER_0_63_161, 76.34, 179.52, 0.000309668
FILLER_0_62_189, 89.14, 179.52, 0.000311289
FILLER_0_63_217, 101.94, 179.52, 0.00031291
FILLER_0_62_245, 114.74, 179.52, 0.000314531
FILLER_0_63_273, 127.54, 179.52, 0.000316152
FILLER_0_62_301, 140.34, 179.52, 0.000317772
FILLER_0_63_329, 153.14, 179.52, 0.000319393
FILLER_0_62_357, 165.94, 179.52, 0.000321014
FILLER_0_61_385, 186.43, 179.52, 0.000322634
FILLER_0_62_401, 186.43, 179.52, 0.000322634
PHY_118, 5.52, 174.08, 0.000301197
PHY_120, 5.52, 174.08, 0.000301197
PHY_119, 194.12, 174.08, 0.000323281
PHY_121, 194.12, 174.08, 0.000323281
FILLER_0_60_77, 37.94, 174.08, 0.000303037
FILLER_0_61_105, 50.74, 174.08, 0.000304878
FILLER_0_60_133, 63.54, 174.08, 0.000306718
FILLER_0_61_161, 76.34, 174.08, 0.000308558
FILLER_0_60_189, 89.14, 174.08, 0.000310399
FILLER_0_61_217, 101.94, 174.08, 0.000312239
FILLER_0_60_245, 114.74, 174.08, 0.000314079
FILLER_0_61_273, 127.54, 174.08, 0.00031592
FILLER_0_60_301, 140.34, 174.08, 0.00031776
FILLER_0_61_329, 153.14, 174.08, 0.0003196
FILLER_0_60_357, 165.94, 174.08, 0.000321441
FILLER_0_59_385, 186.43, 174.08, 0.000323281
FILLER_0_60_401, 186.43, 174.08, 0.000323281
PHY_114, 5.52, 168.64, 0.00029917
PHY_116, 5.52, 168.64, 0.00029917
PHY_115, 194.12, 168.64, 0.000325727
PHY_117, 194.12, 168.64, 0.000325727
input8, 194.12, 168.64, 0.000325727
FILLER_0_58_77, 37.94, 168.64, 0.000301294
FILLER_0_59_105, 50.74, 168.64, 0.000303419
FILLER_0_58_133, 63.54, 168.64, 0.000305543
FILLER_0_59_161, 76.34, 168.64, 0.000307667
FILLER_0_58_189, 89.14, 168.64, 0.000309791
FILLER_0_59_217, 101.94, 168.64, 0.000311915
FILLER_0_58_245, 114.74, 168.64, 0.000314039
FILLER_0_59_273, 127.54, 168.64, 0.000316163
FILLER_0_58_301, 140.34, 168.64, 0.000318287
FILLER_0_59_329, 153.14, 168.64, 0.000320411
FILLER_0_58_357, 165.94, 168.64, 0.000322535
FILLER_0_57_385, 186.43, 168.64, 0.000325193
FILLER_0_57_393, 186.43, 168.64, 0.000325193
FILLER_0_58_401, 186.43, 168.64, 0.000325193
PHY_110, 5.52, 163.2, 0.000296971
PHY_112, 5.52, 163.2, 0.000296971
PHY_111, 194.12, 163.2, 0.00032478
PHY_113, 194.12, 163.2, 0.00032478
FILLER_0_56_77, 37.94, 163.2, 0.000299289
FILLER_0_57_105, 50.74, 163.2, 0.000301606
FILLER_0_56_133, 63.54, 163.2, 0.000303924
FILLER_0_57_161, 76.34, 163.2, 0.000306241
FILLER_0_56_189, 89.14, 163.2, 0.000308558
FILLER_0_57_217, 101.94, 163.2, 0.000310876
FILLER_0_56_245, 114.74, 163.2, 0.000313193
FILLER_0_57_273, 127.54, 163.2, 0.000315511
FILLER_0_56_301, 140.34, 163.2, 0.000317828
FILLER_0_57_329, 153.14, 163.2, 0.000320145
FILLER_0_56_357, 165.94, 163.2, 0.000322463
FILLER_0_55_385, 186.43, 163.2, 0.00032478
FILLER_0_56_401, 186.43, 163.2, 0.00032478
PHY_106, 5.52, 157.76, 0.000294714
PHY_108, 5.52, 157.76, 0.000294714
PHY_107, 194.12, 157.76, 0.000325653
PHY_109, 194.12, 157.76, 0.000325653
FILLER_0_54_77, 37.94, 157.76, 0.000297292
FILLER_0_55_105, 50.74, 157.76, 0.000299871
FILLER_0_54_133, 63.54, 157.76, 0.000302449
FILLER_0_55_161, 76.34, 157.76, 0.000305027
FILLER_0_54_189, 89.14, 157.76, 0.000307605
FILLER_0_55_217, 101.94, 157.76, 0.000310184
FILLER_0_54_245, 114.74, 157.76, 0.000312762
FILLER_0_55_273, 127.54, 157.76, 0.00031534
FILLER_0_54_301, 140.34, 157.76, 0.000317918
FILLER_0_55_329, 153.14, 157.76, 0.000320496
FILLER_0_54_357, 165.94, 157.76, 0.000323075
FILLER_0_53_385, 186.43, 157.76, 0.000325653
FILLER_0_54_401, 186.43, 157.76, 0.000325653
PHY_102, 5.52, 152.32, 0.000292347
PHY_104, 5.52, 152.32, 0.000292347
PHY_103, 194.12, 152.32, 0.000326635
PHY_105, 194.12, 152.32, 0.000326635
FILLER_0_52_77, 37.94, 152.32, 0.000295205
FILLER_0_53_105, 50.74, 152.32, 0.000298062
FILLER_0_52_133, 63.54, 152.32, 0.000300919
FILLER_0_53_161, 76.34, 152.32, 0.000303777
FILLER_0_52_189, 89.14, 152.32, 0.000306634
FILLER_0_53_217, 101.94, 152.32, 0.000309491
FILLER_0_52_245, 114.74, 152.32, 0.000312349
FILLER_0_53_273, 127.54, 152.32, 0.000315206
FILLER_0_52_301, 140.34, 152.32, 0.000318063
FILLER_0_53_329, 153.14, 152.32, 0.00032092
FILLER_0_52_357, 165.94, 152.32, 0.000323778
FILLER_0_51_385, 186.43, 152.32, 0.000326635
FILLER_0_52_401, 186.43, 152.32, 0.000326635
PHY_98, 5.52, 146.88, 0.000289859
PHY_100, 5.52, 146.88, 0.000289859
PHY_99, 194.12, 146.88, 0.000327738
PHY_101, 194.12, 146.88, 0.000327738
FILLER_0_50_77, 37.94, 146.88, 0.000293016
FILLER_0_51_105, 50.74, 146.88, 0.000296173
FILLER_0_50_133, 63.54, 146.88, 0.000299329
FILLER_0_51_161, 76.34, 146.88, 0.000302486
FILLER_0_50_189, 89.14, 146.88, 0.000305642
FILLER_0_51_217, 101.94, 146.88, 0.000308799
FILLER_0_50_245, 114.74, 146.88, 0.000311956
FILLER_0_51_273, 127.54, 146.88, 0.000315112
FILLER_0_50_301, 140.34, 146.88, 0.000318269
FILLER_0_51_329, 153.14, 146.88, 0.000321425
FILLER_0_50_357, 165.94, 146.88, 0.000324582
FILLER_0_49_385, 186.43, 146.88, 0.000327738
FILLER_0_50_401, 186.43, 146.88, 0.000327738
PHY_94, 5.52, 141.44, 0.000287238
PHY_96, 5.52, 141.44, 0.000287238
PHY_95, 194.12, 141.44, 0.000328975
PHY_97, 194.12, 141.44, 0.000328975
FILLER_0_48_77, 37.94, 141.44, 0.000290716
FILLER_0_49_105, 50.74, 141.44, 0.000294194
FILLER_0_48_133, 63.54, 141.44, 0.000297672
FILLER_0_49_161, 76.34, 141.44, 0.00030115
FILLER_0_48_189, 89.14, 141.44, 0.000304629
FILLER_0_49_217, 101.94, 141.44, 0.000308107
FILLER_0_48_245, 114.74, 141.44, 0.000311585
FILLER_0_49_273, 127.54, 141.44, 0.000315063
FILLER_0_48_301, 140.34, 141.44, 0.000318541
FILLER_0_49_329, 153.14, 141.44, 0.000322019
FILLER_0_48_357, 165.94, 141.44, 0.000325497
FILLER_0_47_385, 186.43, 141.44, 0.000328975
FILLER_0_48_401, 186.43, 141.44, 0.000328975
PHY_90, 5.52, 136, 0.000284468
PHY_92, 5.52, 136, 0.000284468
PHY_91, 194.12, 136, 0.00033036
PHY_93, 194.12, 136, 0.00033036
FILLER_0_46_77, 37.94, 136, 0.000288293
FILLER_0_47_105, 50.74, 136, 0.000292117
FILLER_0_46_133, 63.54, 136, 0.000295941
FILLER_0_47_161, 76.34, 136, 0.000299766
FILLER_0_46_189, 89.14, 136, 0.00030359
FILLER_0_47_217, 101.94, 136, 0.000307414
FILLER_0_46_245, 114.74, 136, 0.000311239
FILLER_0_47_273, 127.54, 136, 0.000315063
FILLER_0_46_301, 140.34, 136, 0.000318887
FILLER_0_47_329, 153.14, 136, 0.000322712
FILLER_0_46_357, 165.94, 136, 0.000326536
FILLER_0_45_385, 186.43, 136, 0.00033036
FILLER_0_46_401, 186.43, 136, 0.00033036
PHY_86, 5.52, 130.56, 0.000281537
PHY_88, 5.52, 130.56, 0.000281537
PHY_87, 194.12, 130.56, 0.000331907
PHY_89, 194.12, 130.56, 0.000331907
FILLER_0_44_77, 37.94, 130.56, 0.000285734
FILLER_0_45_105, 50.74, 130.56, 0.000289932
FILLER_0_44_133, 63.54, 130.56, 0.00029413
FILLER_0_45_161, 76.34, 130.56, 0.000298327
FILLER_0_44_189, 89.14, 130.56, 0.000302525
FILLER_0_45_217, 101.94, 130.56, 0.000306722
FILLER_0_44_245, 114.74, 130.56, 0.00031092
FILLER_0_45_273, 127.54, 130.56, 0.000315117
FILLER_0_44_301, 140.34, 130.56, 0.000319315
FILLER_0_45_329, 153.14, 130.56, 0.000323512
FILLER_0_44_357, 165.94, 130.56, 0.00032771
FILLER_0_43_385, 186.43, 130.56, 0.000331907
FILLER_0_44_401, 186.43, 130.56, 0.000331907
PHY_82, 5.52, 125.12, 0.000280483
PHY_84, 5.52, 125.12, 0.000280483
input3, 5.52, 125.12, 0.000280483
PHY_83, 194.12, 125.12, 0.000333673
PHY_85, 194.12, 125.12, 0.000333673
FILLER_0_42_19, 15.33, 125.12, 0.000279789
FILLER_0_42_77, 37.94, 125.12, 0.000283643
FILLER_0_43_105, 50.74, 125.12, 0.000288191
FILLER_0_42_133, 63.54, 125.12, 0.000292739
FILLER_0_43_161, 76.34, 125.12, 0.000297287
FILLER_0_42_189, 89.14, 125.12, 0.000301836
FILLER_0_43_217, 101.94, 125.12, 0.000306384
FILLER_0_42_245, 114.74, 125.12, 0.000310932
FILLER_0_43_273, 127.54, 125.12, 0.00031548
FILLER_0_42_301, 140.34, 125.12, 0.000320028
FILLER_0_43_329, 153.14, 125.12, 0.000324577
FILLER_0_42_357, 165.94, 125.12, 0.000329125
FILLER_0_41_385, 186.43, 125.12, 0.000333673
FILLER_0_42_401, 186.43, 125.12, 0.000333673
PHY_78, 5.52, 119.68, 0.000275084
PHY_80, 5.52, 119.68, 0.000275084
PHY_79, 194.12, 119.68, 0.000335548
PHY_81, 194.12, 119.68, 0.000335548
FILLER_0_40_77, 37.94, 119.68, 0.000280123
FILLER_0_41_105, 50.74, 119.68, 0.000285161
FILLER_0_40_133, 63.54, 119.68, 0.0002902
FILLER_0_41_161, 76.34, 119.68, 0.000295239
FILLER_0_40_189, 89.14, 119.68, 0.000300277
FILLER_0_41_217, 101.94, 119.68, 0.000305316
FILLER_0_40_245, 114.74, 119.68, 0.000310354
FILLER_0_41_273, 127.54, 119.68, 0.000315393
FILLER_0_40_301, 140.34, 119.68, 0.000320432
FILLER_0_41_329, 153.14, 119.68, 0.00032547
FILLER_0_40_357, 165.94, 119.68, 0.000330509
FILLER_0_39_385, 186.43, 119.68, 0.000335547
FILLER_0_40_401, 186.43, 119.68, 0.000335547
PHY_74, 5.52, 114.24, 0.000271527
PHY_76, 5.52, 114.24, 0.000271527
PHY_75, 194.12, 114.24, 0.000337677
PHY_77, 194.12, 114.24, 0.000337677
FILLER_0_38_77, 37.94, 114.24, 0.000277039
FILLER_0_39_105, 50.74, 114.24, 0.000282552
FILLER_0_38_133, 63.54, 114.24, 0.000288064
FILLER_0_39_161, 76.34, 114.24, 0.000293577
FILLER_0_38_189, 89.14, 114.24, 0.000299089
FILLER_0_39_217, 101.94, 114.24, 0.000304602
FILLER_0_38_245, 114.74, 114.24, 0.000310114
FILLER_0_39_273, 127.54, 114.24, 0.000315627
FILLER_0_38_301, 140.34, 114.24, 0.000321139
FILLER_0_39_329, 153.14, 114.24, 0.000326652
FILLER_0_38_357, 165.94, 114.24, 0.000332164
FILLER_0_37_385, 186.43, 114.24, 0.000337677
FILLER_0_38_401, 186.43, 114.24, 0.000337677
PHY_70, 5.52, 108.8, 0.000267736
PHY_72, 5.52, 108.8, 0.000267736
PHY_71, 194.12, 108.8, 0.00034004
PHY_73, 194.12, 108.8, 0.00034004
FILLER_0_36_77, 37.94, 108.8, 0.000273761
FILLER_0_37_105, 50.74, 108.8, 0.000279787
FILLER_0_36_133, 63.54, 108.8, 0.000285812
FILLER_0_37_161, 76.34, 108.8, 0.000291837
FILLER_0_36_189, 89.14, 108.8, 0.000297863
FILLER_0_37_217, 101.94, 108.8, 0.000303888
FILLER_0_36_245, 114.74, 108.8, 0.000309913
FILLER_0_37_273, 127.54, 108.8, 0.000315938
FILLER_0_36_301, 140.34, 108.8, 0.000321964
FILLER_0_37_329, 153.14, 108.8, 0.000327989
FILLER_0_36_357, 165.94, 108.8, 0.000334014
FILLER_0_35_385, 186.43, 108.8, 0.000340039
FILLER_0_36_401, 186.43, 108.8, 0.000340039
PHY_66, 5.52, 103.36, 0.000263689
PHY_68, 5.52, 103.36, 0.000263689
PHY_67, 194.12, 103.36, 0.000342658
PHY_69, 194.12, 103.36, 0.000342658
FILLER_0_34_77, 37.94, 103.36, 0.00027027
FILLER_0_35_105, 50.74, 103.36, 0.000276851
FILLER_0_34_133, 63.54, 103.36, 0.000283432
FILLER_0_35_161, 76.34, 103.36, 0.000290012
FILLER_0_34_189, 89.14, 103.36, 0.000296593
FILLER_0_35_217, 101.94, 103.36, 0.000303174
FILLER_0_34_245, 114.74, 103.36, 0.000309755
FILLER_0_35_273, 127.54, 103.36, 0.000316335
FILLER_0_34_301, 140.34, 103.36, 0.000322916
FILLER_0_35_329, 153.14, 103.36, 0.000329497
FILLER_0_34_357, 165.94, 103.36, 0.000336077
FILLER_0_33_385, 186.43, 103.36, 0.000342658
FILLER_0_34_401, 186.43, 103.36, 0.000342658
PHY_62, 5.52, 97.92, 0.000259364
PHY_64, 5.52, 97.92, 0.000259364
PHY_63, 194.12, 97.92, 0.000345556
PHY_65, 194.12, 97.92, 0.000345556
FILLER_0_32_77, 37.94, 97.92, 0.000266546
FILLER_0_33_105, 50.74, 97.92, 0.000273729
FILLER_0_32_133, 63.54, 97.92, 0.000280912
FILLER_0_33_161, 76.34, 97.92, 0.000288094
FILLER_0_32_189, 89.14, 97.92, 0.000295277
FILLER_0_33_217, 101.94, 97.92, 0.00030246
FILLER_0_32_245, 114.74, 97.92, 0.000309642
FILLER_0_33_273, 127.54, 97.92, 0.000316825
FILLER_0_32_301, 140.34, 97.92, 0.000324008
FILLER_0_33_329, 153.14, 97.92, 0.00033119
FILLER_0_32_357, 165.94, 97.92, 0.000338373
FILLER_0_31_385, 186.43, 97.92, 0.000345556
FILLER_0_32_401, 186.43, 97.92, 0.000345556
PHY_58, 5.52, 92.48, 0.000254733
PHY_60, 5.52, 92.48, 0.000254733
PHY_59, 194.12, 92.48, 0.000348758
PHY_61, 194.12, 92.48, 0.000348758
FILLER_0_30_77, 37.94, 92.48, 0.000262569
FILLER_0_31_105, 50.74, 92.48, 0.000270404
FILLER_0_30_133, 63.54, 92.48, 0.00027824
FILLER_0_31_161, 76.34, 92.48, 0.000286075
FILLER_0_30_189, 89.14, 92.48, 0.00029391
FILLER_0_31_217, 101.94, 92.48, 0.000301746
FILLER_0_30_245, 114.74, 92.48, 0.000309581
FILLER_0_31_273, 127.54, 92.48, 0.000317416
FILLER_0_30_301, 140.34, 92.48, 0.000325252
FILLER_0_31_329, 153.14, 92.48, 0.000333087
FILLER_0_30_357, 165.94, 92.48, 0.000340922
FILLER_0_29_385, 186.43, 92.48, 0.000348758
FILLER_0_30_401, 186.43, 92.48, 0.000348758
PHY_54, 5.52, 87.04, 0.000249771
PHY_56, 5.52, 87.04, 0.000249771
PHY_55, 194.12, 87.04, 0.000352292
PHY_57, 194.12, 87.04, 0.000352292
FILLER_0_28_77, 37.94, 87.04, 0.000258314
FILLER_0_29_105, 50.74, 87.04, 0.000266858
FILLER_0_28_133, 63.54, 87.04, 0.000275401
FILLER_0_29_161, 76.34, 87.04, 0.000283945
FILLER_0_28_189, 89.14, 87.04, 0.000292488
FILLER_0_29_217, 101.94, 87.04, 0.000301032
FILLER_0_28_245, 114.74, 87.04, 0.000309575
FILLER_0_29_273, 127.54, 87.04, 0.000318119
FILLER_0_28_301, 140.34, 87.04, 0.000326662
FILLER_0_29_329, 153.14, 87.04, 0.000335205
FILLER_0_28_357, 165.94, 87.04, 0.000343749
FILLER_0_27_385, 186.43, 87.04, 0.000352292
FILLER_0_28_401, 186.43, 87.04, 0.000352292
PHY_50, 5.52, 81.6, 0.000246062
PHY_52, 5.52, 81.6, 0.000246062
PHY_51, 194.12, 81.6, 0.000358364
PHY_53, 194.12, 81.6, 0.000358364
FILLER_0_26_77, 37.94, 81.6, 0.000257442
FILLER_0_27_105, 50.74, 81.6, 0.000268822
FILLER_0_26_133, 63.54, 81.6, 0.000280201
FILLER_0_27_161, 76.34, 81.6, 0.000291581
FILLER_0_26_189, 89.14, 81.6, 0.000302961
FILLER_0_27_217, 101.94, 81.6, 0.000314341
hold22, 114.74, 81.6, 0.000325721
FILLER_0_25_225, 114.74, 81.6, 0.000325721
FILLER_0_26_245, 114.74, 81.6, 0.000325721
FILLER_0_27_273, 127.54, 81.6, 0.00033225
FILLER_0_26_301, 140.34, 81.6, 0.000338778
FILLER_0_27_329, 153.14, 81.6, 0.000345307
FILLER_0_26_357, 165.94, 81.6, 0.000351836
FILLER_0_25_385, 186.43, 81.6, 0.000358364
FILLER_0_26_401, 186.43, 81.6, 0.000358364
PHY_46, 5.52, 76.16, 0.000251783
PHY_48, 5.52, 76.16, 0.000251783
PHY_47, 194.12, 76.16, 0.000375944
PHY_49, 194.12, 76.16, 0.000375944
FILLER_0_24_77, 37.94, 76.16, 0.000278765
FILLER_0_25_105, 50.74, 76.16, 0.000305746
FILLER_0_24_133, 63.54, 76.16, 0.000332727
FILLER_0_25_161, 76.34, 76.16, 0.000359709
FILLER_0_23_181, 89.14, 76.16, 0.00038669
FILLER_0_24_189, 89.14, 76.16, 0.00038669
_221_, 101.94, 76.16, 0.000413671
_222_, 101.94, 76.16, 0.000413671
_223_, 101.94, 76.16, 0.000413671
_255_, 101.94, 76.16, 0.000413671
FILLER_0_24_214, 101.94, 76.16, 0.000413671
FILLER_0_25_217, 101.94, 76.16, 0.000413671
_112_, 114.74, 76.16, 0.000420578
_113_, 114.74, 76.16, 0.000420578
_211_, 114.74, 76.16, 0.000420578
_220_, 114.74, 76.16, 0.000420578
hold23, 114.74, 76.16, 0.000420578
FILLER_0_23_234, 114.74, 76.16, 0.000420578
FILLER_0_24_247, 114.74, 76.16, 0.000420578
FILLER_0_25_238, 114.74, 76.16, 0.000420578
_114_, 127.54, 76.16, 0.000415186
_118_, 127.54, 76.16, 0.000415186
_123_, 127.54, 76.16, 0.000415186
FILLER_0_25_274, 127.54, 76.16, 0.000415186
FILLER_0_25_329, 153.14, 76.16, 0.000395565
FILLER_0_24_357, 165.94, 76.16, 0.000385754
FILLER_0_23_385, 186.43, 76.16, 0.000375944
FILLER_0_24_401, 186.43, 76.16, 0.000375944
PHY_42, 5.52, 70.72, 0.000261763
PHY_44, 5.52, 70.72, 0.000261763
PHY_43, 194.12, 70.72, 0.000409465
PHY_45, 194.12, 70.72, 0.000409465
FILLER_0_22_77, 37.94, 70.72, 0.00031145
FILLER_0_23_105, 50.74, 70.72, 0.000361137
FILLER_0_22_133, 63.54, 70.72, 0.000410824
FILLER_0_23_161, 76.34, 70.72, 0.00046051
_213_, 89.14, 70.72, 0.000510197
FILLER_0_21_181, 89.14, 70.72, 0.000510197
FILLER_0_22_189, 89.14, 70.72, 0.000510197
FILLER_0_23_189, 89.14, 70.72, 0.000510197
FILLER_0_23_195, 89.14, 70.72, 0.000510197
_212_, 101.94, 70.72, 0.000557313
_256_, 101.94, 70.72, 0.000557313
FILLER_0_22_206, 101.94, 70.72, 0.000557313
_117_, 114.74, 70.72, 0.000589515
_210_, 114.74, 70.72, 0.000589515
_249_, 114.74, 70.72, 0.000589515
_250_, 114.74, 70.72, 0.000589515
hold21, 114.74, 70.72, 0.000589515
FILLER_0_21_232, 114.74, 70.72, 0.000589515
_122_, 127.54, 70.72, 0.000590043
_224_, 127.54, 70.72, 0.000590043
_226_, 127.54, 70.72, 0.000590043
hold18, 127.54, 70.72, 0.000590043
_135_, 140.34, 70.72, 0.000550914
hold24, 140.34, 70.72, 0.000550914
FILLER_0_23_329, 153.14, 70.72, 0.000503764
FILLER_0_22_357, 165.94, 70.72, 0.000456614
FILLER_0_21_385, 186.43, 70.72, 0.000409465
FILLER_0_22_401, 186.43, 70.72, 0.000409465
PHY_38, 5.52, 65.28, 0.000253514
PHY_40, 5.52, 65.28, 0.000253514
PHY_39, 194.12, 65.28, 0.000412455
PHY_41, 194.12, 65.28, 0.000412455
FILLER_0_20_77, 37.94, 65.28, 0.000305629
FILLER_0_21_105, 50.74, 65.28, 0.000357744
FILLER_0_20_133, 63.54, 65.28, 0.000409859
FILLER_0_21_161, 76.34, 65.28, 0.000461974
_251_, 89.14, 65.28, 0.00051409
FILLER_0_20_189, 89.14, 65.28, 0.00051409
_115_, 101.94, 65.28, 0.000554531
_116_, 101.94, 65.28, 0.000554531
_218_, 101.94, 65.28, 0.000554531
_219_, 101.94, 65.28, 0.000554531
_253_, 101.94, 65.28, 0.000554531
hold26, 101.94, 65.28, 0.000554531
FILLER_0_20_204, 101.94, 65.28, 0.000554531
FILLER_0_21_218, 101.94, 65.28, 0.000554531
_127_, 114.74, 65.28, 0.000571755
_208_, 114.74, 65.28, 0.000571755
_209_, 114.74, 65.28, 0.000571755
FILLER_0_20_235, 114.74, 65.28, 0.000571755
_134_, 127.54, 65.28, 0.000577398
_225_, 127.54, 65.28, 0.000577398
FILLER_0_20_253, 127.54, 65.28, 0.000577398
_121_, 140.34, 65.28, 0.000557399
_227_, 140.34, 65.28, 0.000557399
FILLER_0_19_281, 140.34, 65.28, 0.000557399
FILLER_0_20_297, 140.34, 65.28, 0.000557399
FILLER_0_20_305, 140.34, 65.28, 0.000557399
FILLER_0_21_328, 153.14, 65.28, 0.000509085
FILLER_0_20_357, 165.94, 65.28, 0.00046077
FILLER_0_19_385, 186.43, 65.28, 0.000412455
FILLER_0_20_401, 186.43, 65.28, 0.000412455
PHY_34, 5.52, 59.84, 0.000247796
PHY_36, 5.52, 59.84, 0.000247796
input6, 5.52, 59.84, 0.000247796
PHY_35, 194.12, 59.84, 0.000426926
PHY_37, 194.12, 59.84, 0.000426926
FILLER_0_18_77, 37.94, 59.84, 0.000305867
FILLER_0_19_105, 50.74, 59.84, 0.00036493
FILLER_0_18_133, 63.54, 59.84, 0.000423993
FILLER_0_19_161, 76.34, 59.84, 0.000483057
_214_, 89.14, 59.84, 0.00054212
_215_, 89.14, 59.84, 0.00054212
FILLER_0_17_181, 89.14, 59.84, 0.00054212
FILLER_0_18_177, 89.14, 59.84, 0.00054212
FILLER_0_19_193, 89.14, 59.84, 0.00054212
_216_, 101.94, 59.84, 0.000595049
_217_, 101.94, 59.84, 0.000595049
_254_, 101.94, 59.84, 0.000595049
hold20, 101.94, 59.84, 0.000595049
FILLER_0_18_217, 101.94, 59.84, 0.000595049
_125_, 114.74, 59.84, 0.000626327
_126_, 114.74, 59.84, 0.000626327
_200_, 114.74, 59.84, 0.000626327
_202_, 114.74, 59.84, 0.000626327
hold19, 114.74, 59.84, 0.000626327
FILLER_0_18_239, 114.74, 59.84, 0.000626327
_120_, 127.54, 59.84, 0.00064329
_128_, 127.54, 59.84, 0.00064329
_129_, 127.54, 59.84, 0.00064329
_131_, 127.54, 59.84, 0.00064329
_132_, 127.54, 59.84, 0.00064329
_143_, 127.54, 59.84, 0.00064329
fanout16, 127.54, 59.84, 0.00064329
hold1, 127.54, 59.84, 0.00064329
_124_, 140.34, 59.84, 0.000616823
_130_, 140.34, 59.84, 0.000616823
_148_, 140.34, 59.84, 0.000616823
_229_, 140.34, 59.84, 0.000616823
_119_, 153.14, 59.84, 0.000561193
FILLER_0_19_333, 153.14, 59.84, 0.000561193
FILLER_0_18_357, 165.94, 59.84, 0.000494059
FILLER_0_17_385, 186.43, 59.84, 0.000426926
FILLER_0_18_401, 186.43, 59.84, 0.000426926
PHY_30, 5.52, 54.4, 0.000242675
PHY_32, 5.52, 54.4, 0.000242675
PHY_31, 194.12, 54.4, 0.000440843
PHY_33, 194.12, 54.4, 0.000440843
FILLER_0_16_77, 37.94, 54.4, 0.000316945
FILLER_0_17_105, 50.74, 54.4, 0.000391214
FILLER_0_16_133, 63.54, 54.4, 0.000465484
FILLER_0_17_161, 76.34, 54.4, 0.000539754
_252_, 89.14, 54.4, 0.000614023
FILLER_0_16_189, 89.14, 54.4, 0.000614023
_246_, 101.94, 54.4, 0.000676599
fanout13, 101.94, 54.4, 0.000676599
hold25, 101.94, 54.4, 0.000676599
FILLER_0_16_197, 101.94, 54.4, 0.000676599
FILLER_0_16_209, 101.94, 54.4, 0.000676599
FILLER_0_17_217, 101.94, 54.4, 0.000676599
_204_, 114.74, 54.4, 0.000724658
_247_, 114.74, 54.4, 0.000724658
_248_, 114.74, 54.4, 0.000724658
hold17, 114.74, 54.4, 0.000724658
_133_, 127.54, 54.4, 0.000752855
_146_, 127.54, 54.4, 0.000752855
_147_, 127.54, 54.4, 0.000752855
_150_, 127.54, 54.4, 0.000752855
_199_, 127.54, 54.4, 0.000752855
_206_, 127.54, 54.4, 0.000752855
clkbuf_0_clk, 127.54, 54.4, 0.000752855
_145_, 140.34, 54.4, 0.000700276
_151_, 140.34, 54.4, 0.000700276
_152_, 140.34, 54.4, 0.000700276
_153_, 140.34, 54.4, 0.000700276
_228_, 140.34, 54.4, 0.000700276
FILLER_0_16_305, 140.34, 54.4, 0.000700276
_140_, 153.14, 54.4, 0.000619569
FILLER_0_17_326, 153.14, 54.4, 0.000619569
FILLER_0_15_385, 186.43, 54.4, 0.000440843
FILLER_0_16_401, 186.43, 54.4, 0.000440843
PHY_26, 5.52, 48.96, 0.000223683
PHY_28, 5.52, 48.96, 0.000223683
PHY_27, 194.12, 48.96, 0.000426099
PHY_29, 194.12, 48.96, 0.000426099
FILLER_0_14_77, 37.94, 48.96, 0.00029805
FILLER_0_15_105, 50.74, 48.96, 0.000372417
FILLER_0_14_133, 63.54, 48.96, 0.000446785
FILLER_0_15_161, 76.34, 48.96, 0.000521152
FILLER_0_14_189, 89.14, 48.96, 0.000595519
_201_, 101.94, 48.96, 0.000669886
clkbuf_2_1__f_clk, 101.94, 48.96, 0.000669886
FILLER_0_14_209, 101.94, 48.96, 0.000669886
_183_, 114.74, 48.96, 0.00069707
_203_, 114.74, 48.96, 0.00069707
_207_, 114.74, 48.96, 0.00069707
_240_, 114.74, 48.96, 0.00069707
hold16, 114.74, 48.96, 0.00069707
FILLER_0_13_225, 114.74, 48.96, 0.00069707
FILLER_0_13_233, 114.74, 48.96, 0.00069707
FILLER_0_14_248, 114.74, 48.96, 0.00069707
_144_, 127.54, 48.96, 0.0007131
_149_, 127.54, 48.96, 0.0007131
_154_, 127.54, 48.96, 0.0007131
_185_, 127.54, 48.96, 0.0007131
_197_, 127.54, 48.96, 0.0007131
_198_, 127.54, 48.96, 0.0007131
clkbuf_2_3__f_clk, 127.54, 48.96, 0.0007131
_141_, 140.34, 48.96, 0.00066218
_180_, 140.34, 48.96, 0.00066218
_182_, 140.34, 48.96, 0.00066218
_238_, 140.34, 48.96, 0.00066218
FILLER_0_14_303, 140.34, 48.96, 0.00066218
hold2, 153.14, 48.96, 0.000586896
FILLER_0_14_353, 165.94, 48.96, 0.000506497
FILLER_0_14_361, 165.94, 48.96, 0.000506497
FILLER_0_13_385, 186.43, 48.96, 0.000426099
FILLER_0_14_401, 186.43, 48.96, 0.000426099
PHY_22, 5.52, 43.52, 0.000168539
PHY_24, 5.52, 43.52, 0.000168539
PHY_23, 194.12, 43.52, 0.000365701
PHY_25, 194.12, 43.52, 0.000365701
input10, 194.12, 43.52, 0.000365701
FILLER_0_12_77, 37.94, 43.52, 0.000201305
FILLER_0_13_105, 50.74, 43.52, 0.000234071
FILLER_0_12_133, 63.54, 43.52, 0.000266838
FILLER_0_13_161, 76.34, 43.52, 0.000299604
FILLER_0_12_189, 89.14, 43.52, 0.00033237
_239_, 101.94, 43.52, 0.000365136
FILLER_0_12_209, 101.94, 43.52, 0.000365136
FILLER_0_13_217, 101.94, 43.52, 0.000365136
_186_, 114.74, 43.52, 0.000391124
_245_, 114.74, 43.52, 0.000391124
hold12, 114.74, 43.52, 0.000391124
_142_, 127.54, 43.52, 0.000410303
_155_, 127.54, 43.52, 0.000410303
_205_, 127.54, 43.52, 0.000410303
_237_, 127.54, 43.52, 0.000410303
hold4, 127.54, 43.52, 0.000410303
_173_, 140.34, 43.52, 0.000404619
_176_, 140.34, 43.52, 0.000404619
_178_, 140.34, 43.52, 0.000404619
_181_, 140.34, 43.52, 0.000404619
hold7, 140.34, 43.52, 0.000404619
FILLER_0_12_303, 140.34, 43.52, 0.000404619
_172_, 153.14, 43.52, 0.000396244
_179_, 153.14, 43.52, 0.000396244
FILLER_0_13_330, 153.14, 43.52, 0.000396244
FILLER_0_11_385, 186.43, 43.52, 0.000365189
FILLER_0_11_393, 186.43, 43.52, 0.000365189
FILLER_0_12_401, 186.43, 43.52, 0.000365189
PHY_18, 5.52, 38.08, 0.000171417
PHY_20, 5.52, 38.08, 0.000171417
PHY_19, 194.12, 38.08, 0.000386639
PHY_21, 194.12, 38.08, 0.000386639
FILLER_0_10_77, 37.94, 38.08, 0.000238838
FILLER_0_11_105, 50.74, 38.08, 0.000306259
FILLER_0_10_133, 63.54, 38.08, 0.000373679
FILLER_0_11_161, 76.34, 38.08, 0.0004411
FILLER_0_10_189, 89.14, 38.08, 0.00050852
_184_, 101.94, 38.08, 0.000575941
clkbuf_2_0__f_clk, 101.94, 38.08, 0.000575941
FILLER_0_9_205, 101.94, 38.08, 0.000575941
FILLER_0_10_209, 101.94, 38.08, 0.000575941
FILLER_0_11_217, 101.94, 38.08, 0.000575941
_139_, 114.74, 38.08, 0.000600056
_188_, 114.74, 38.08, 0.000600056
_195_, 114.74, 38.08, 0.000600056
_196_, 114.74, 38.08, 0.000600056
_236_, 114.74, 38.08, 0.000600056
hold8, 114.74, 38.08, 0.000600056
hold9, 114.74, 38.08, 0.000600056
hold13, 114.74, 38.08, 0.000600056
_156_, 127.54, 38.08, 0.000614287
_158_, 127.54, 38.08, 0.000614287
_177_, 127.54, 38.08, 0.000614287
clkbuf_2_2__f_clk, 127.54, 38.08, 0.000614287
_137_, 140.34, 38.08, 0.000567125
_169_, 140.34, 38.08, 0.000567125
_175_, 140.34, 38.08, 0.000567125
_235_, 140.34, 38.08, 0.000567125
hold15, 140.34, 38.08, 0.000567125
FILLER_0_10_304, 140.34, 38.08, 0.000567125
_174_, 153.14, 38.08, 0.000507832
hold3, 153.14, 38.08, 0.000507832
FILLER_0_11_333, 153.14, 38.08, 0.000507832
FILLER_0_10_361, 165.94, 38.08, 0.000447236
FILLER_0_9_385, 186.43, 38.08, 0.000386639
FILLER_0_10_401, 186.43, 38.08, 0.000386639
PHY_14, 5.52, 32.64, 0.000126957
PHY_16, 5.52, 32.64, 0.000126957
PHY_15, 194.12, 32.64, 0.000354276
PHY_17, 194.12, 32.64, 0.000354276
FILLER_0_8_77, 37.94, 32.64, 0.000172593
FILLER_0_9_105, 50.74, 32.64, 0.000218229
FILLER_0_8_133, 63.54, 32.64, 0.000263866
FILLER_0_9_161, 76.34, 32.64, 0.000309502
FILLER_0_8_189, 89.14, 32.64, 0.000355138
_187_, 101.94, 32.64, 0.000400775
_193_, 101.94, 32.64, 0.000400775
_194_, 101.94, 32.64, 0.000400775
_241_, 101.94, 32.64, 0.000400775
_244_, 101.94, 32.64, 0.000400775
FILLER_0_7_201, 101.94, 32.64, 0.000400775
FILLER_0_8_197, 101.94, 32.64, 0.000400775
_138_, 114.74, 32.64, 0.000432821
_191_, 114.74, 32.64, 0.000432821
_192_, 114.74, 32.64, 0.000432821
_242_, 114.74, 32.64, 0.000432821
fanout14, 114.74, 32.64, 0.000432821
hold11, 114.74, 32.64, 0.000432821
hold14, 114.74, 32.64, 0.000432821
_157_, 127.54, 32.64, 0.00045644
_162_, 127.54, 32.64, 0.00045644
_163_, 127.54, 32.64, 0.00045644
_164_, 127.54, 32.64, 0.00045644
_189_, 127.54, 32.64, 0.00045644
FILLER_0_9_270, 127.54, 32.64, 0.00045644
_136_, 140.34, 32.64, 0.000463319
_166_, 140.34, 32.64, 0.000463319
_167_, 140.34, 32.64, 0.000463319
_170_, 140.34, 32.64, 0.000463319
_233_, 140.34, 32.64, 0.000463319
_234_, 140.34, 32.64, 0.000463319
hold5, 140.34, 32.64, 0.000463319
FILLER_0_8_304, 140.34, 32.64, 0.000463319
_171_, 153.14, 32.64, 0.00043179
FILLER_0_9_330, 153.14, 32.64, 0.00043179
FILLER_0_7_385, 186.43, 32.64, 0.000354276
FILLER_0_8_401, 186.43, 32.64, 0.000354276
PHY_10, 5.52, 27.2, 0.000116229
PHY_12, 5.52, 27.2, 0.000116229
PHY_11, 194.12, 27.2, 0.000335408
PHY_13, 194.12, 27.2, 0.000335408
FILLER_0_6_77, 37.94, 27.2, 0.000156804
FILLER_0_7_105, 50.74, 27.2, 0.000197378
FILLER_0_6_133, 63.54, 27.2, 0.000237953
FILLER_0_7_161, 76.34, 27.2, 0.000278528
FILLER_0_6_189, 89.14, 27.2, 0.000319103
FILLER_0_7_193, 89.14, 27.2, 0.000319103
FILLER_0_6_221, 101.94, 27.2, 0.000359678
_190_, 114.74, 27.2, 0.000400253
_230_, 114.74, 27.2, 0.000400253
_243_, 114.74, 27.2, 0.000400253
FILLER_0_5_225, 114.74, 27.2, 0.000400253
FILLER_0_6_249, 114.74, 27.2, 0.000400253
_160_, 127.54, 27.2, 0.000418283
_231_, 127.54, 27.2, 0.000418283
_232_, 127.54, 27.2, 0.000418283
fanout15, 127.54, 27.2, 0.000418283
FILLER_0_5_259, 127.54, 27.2, 0.000418283
_168_, 140.34, 27.2, 0.000403289
hold6, 140.34, 27.2, 0.000403289
hold10, 140.34, 27.2, 0.000403289
FILLER_0_5_291, 140.34, 27.2, 0.000403289
FILLER_0_7_333, 153.14, 27.2, 0.000380662
FILLER_0_6_357, 165.94, 27.2, 0.000358035
FILLER_0_5_385, 186.43, 27.2, 0.000335408
FILLER_0_6_401, 186.43, 27.2, 0.000335408
PHY_6, 5.52, 21.76, 0.000103489
PHY_8, 5.52, 21.76, 0.000103489
PHY_7, 194.12, 21.76, 0.000309331
PHY_9, 194.12, 21.76, 0.000309331
FILLER_0_4_77, 37.94, 21.76, 0.000124338
FILLER_0_5_105, 50.74, 21.76, 0.000145186
FILLER_0_4_133, 63.54, 21.76, 0.000166034
FILLER_0_5_161, 76.34, 21.76, 0.000186883
FILLER_0_4_189, 89.14, 21.76, 0.000207731
FILLER_0_5_217, 101.94, 21.76, 0.00022858
FILLER_0_4_245, 114.74, 21.76, 0.000249428
_161_, 127.54, 21.76, 0.000270277
FILLER_0_4_277, 127.54, 21.76, 0.000270277
FILLER_0_5_267, 127.54, 21.76, 0.000270277
_159_, 140.34, 21.76, 0.000284461
_165_, 140.34, 21.76, 0.000284461
FILLER_0_4_299, 140.34, 21.76, 0.000284461
FILLER_0_4_357, 165.94, 21.76, 0.000301041
FILLER_0_3_385, 186.43, 21.76, 0.000309331
FILLER_0_4_401, 186.43, 21.76, 0.000309331
PHY_2, 5.52, 16.32, 0.000101862
PHY_4, 5.52, 16.32, 0.000101862
PHY_3, 194.12, 16.32, 0.000301302
PHY_5, 194.12, 16.32, 0.000301302
FILLER_0_2_77, 37.94, 16.32, 0.000118482
FILLER_0_3_105, 50.74, 16.32, 0.000135102
FILLER_0_2_133, 63.54, 16.32, 0.000151722
FILLER_0_3_161, 76.34, 16.32, 0.000168342
FILLER_0_2_189, 89.14, 16.32, 0.000184962
FILLER_0_3_217, 101.94, 16.32, 0.000201582
FILLER_0_2_245, 114.74, 16.32, 0.000218202
FILLER_0_3_273, 127.54, 16.32, 0.000234822
FILLER_0_2_301, 140.34, 16.32, 0.000251442
FILLER_0_3_329, 153.14, 16.32, 0.000268062
FILLER_0_2_357, 165.94, 16.32, 0.000284682
FILLER_0_1_385, 186.43, 16.32, 0.000301302
FILLER_0_2_401, 186.43, 16.32, 0.000301302
PHY_0, 5.52, 10.88, 0.00010557
input4, 5.52, 10.88, 0.00010557
PHY_1, 194.12, 10.88, 0.000301803
FILLER_0_0_19, 15.33, 10.88, 0.000104838
FILLER_0_0_81, 37.94, 10.88, 0.000121513
FILLER_0_0_109, 50.74, 10.88, 0.000138922
FILLER_0_1_105, 50.74, 10.88, 0.000138922
input9, 63.54, 10.88, 0.00015633
FILLER_0_0_131, 63.54, 10.88, 0.00015633
FILLER_0_0_165, 76.34, 10.88, 0.000172799
FILLER_0_1_161, 76.34, 10.88, 0.000172799
FILLER_0_0_193, 89.14, 10.88, 0.000189267
FILLER_0_0_221, 101.94, 10.88, 0.000205736
FILLER_0_1_217, 101.94, 10.88, 0.000205736
input1, 114.74, 10.88, 0.000222205
FILLER_0_0_237, 114.74, 10.88, 0.000222205
FILLER_0_0_245, 114.74, 10.88, 0.000222205
FILLER_0_0_277, 127.54, 10.88, 0.000238125
FILLER_0_1_273, 127.54, 10.88, 0.000238125
FILLER_0_0_305, 140.34, 10.88, 0.000254044
FILLER_0_0_333, 153.14, 10.88, 0.000269964
FILLER_0_1_329, 153.14, 10.88, 0.000269964
FILLER_0_0_361, 165.94, 10.88, 0.000285884

